This is pdfTeX, Version 3.14159265-2.6-1.40.17 (TeX Live 2016/W32TeX) (preloaded format=pdflatex 2017.4.20)  13 NOV 2019 14:19
entering extended mode
 restricted \write18 enabled.
 file:line:error style messages enabled.
 %&-line parsing enabled.
**e:/OneDrive/TFG_Infor/PSO/Resultados_BBOB/latex/templateBBOBcmp.tex
(e:/OneDrive/TFG_Infor/PSO/Resultados_BBOB/latex/templateBBOBcmp.tex
LaTeX2e <2017/01/01> patch level 3
Babel <3.9r> and hyphenation patterns for 83 language(s) loaded.
(e:/OneDrive/TFG_Infor/PSO/Resultados_BBOB/latex/acmart.cls
Document Class: acmart 2016/12/03 v1.25 Typesetting articles for Association of Computing Machinery
(d:/texlive/2016/texmf-dist/tex/latex/xkeyval/xkeyval.sty
Package: xkeyval 2014/12/03 v2.7a package option processing (HA)
 (d:/texlive/2016/texmf-dist/tex/generic/xkeyval/xkeyval.tex (d:/texlive/2016/texmf-dist/tex/generic/xkeyval/xkvutils.tex
\XKV@toks=\toks14
\XKV@tempa@toks=\toks15
 (d:/texlive/2016/texmf-dist/tex/generic/xkeyval/keyval.tex))
\XKV@depth=\count79
File: xkeyval.tex 2014/12/03 v2.7a key=value parser (HA)
))
Package acmart Info: Not using screen mode on input line 69.
Package acmart Info: Not using review mode on input line 77.
Package acmart Info: Not using authorversion mode on input line 85.
Package acmart Info: Not using anonymous mode on input line 103.
Class acmart Info: Using format sigconf, number 4 on input line 112.
Class acmart Info: Using fontsize 9pt on input line 168.
 (d:/texlive/2016/texmf-dist/tex/latex/amscls/amsart.cls
Document Class: amsart 2015/03/04 v2.20.2
\linespacing=\dimen102
\normalparindent=\dimen103
\normaltopskip=\skip41
(d:/texlive/2016/texmf-dist/tex/latex/amsmath/amsmath.sty
Package: amsmath 2016/11/05 v2.16a AMS math features
\@mathmargin=\skip42

For additional information on amsmath, use the `?' option.
(d:/texlive/2016/texmf-dist/tex/latex/amsmath/amstext.sty
Package: amstext 2000/06/29 v2.01 AMS text
 (d:/texlive/2016/texmf-dist/tex/latex/amsmath/amsgen.sty
File: amsgen.sty 1999/11/30 v2.0 generic functions
\@emptytoks=\toks16
\ex@=\dimen104
)) (d:/texlive/2016/texmf-dist/tex/latex/amsmath/amsbsy.sty
Package: amsbsy 1999/11/29 v1.2d Bold Symbols
\pmbraise@=\dimen105
) (d:/texlive/2016/texmf-dist/tex/latex/amsmath/amsopn.sty
Package: amsopn 2016/03/08 v2.02 operator names
)
\inf@bad=\count80
LaTeX Info: Redefining \frac on input line 213.
\uproot@=\count81
\leftroot@=\count82
LaTeX Info: Redefining \overline on input line 375.
\classnum@=\count83
\DOTSCASE@=\count84
LaTeX Info: Redefining \ldots on input line 472.
LaTeX Info: Redefining \dots on input line 475.
LaTeX Info: Redefining \cdots on input line 596.
\Mathstrutbox@=\box26
\strutbox@=\box27
\big@size=\dimen106
LaTeX Font Info:    Redeclaring font encoding OML on input line 712.
LaTeX Font Info:    Redeclaring font encoding OMS on input line 713.
\macc@depth=\count85
\c@MaxMatrixCols=\count86
\dotsspace@=\muskip10
\c@parentequation=\count87
\dspbrk@lvl=\count88
\tag@help=\toks17
\row@=\count89
\column@=\count90
\maxfields@=\count91
\andhelp@=\toks18
\eqnshift@=\dimen107
\alignsep@=\dimen108
\tagshift@=\dimen109
\tagwidth@=\dimen110
\totwidth@=\dimen111
\lineht@=\dimen112
\@envbody=\toks19
\multlinegap=\skip43
\multlinetaggap=\skip44
\mathdisplay@stack=\toks20
LaTeX Info: Redefining \[ on input line 2817.
LaTeX Info: Redefining \] on input line 2818.
)
LaTeX Font Info:    Try loading font information for U+msa on input line 388.
 (d:/texlive/2016/texmf-dist/tex/latex/amsfonts/umsa.fd
File: umsa.fd 2013/01/14 v3.01 AMS symbols A
) (d:/texlive/2016/texmf-dist/tex/latex/amsfonts/amsfonts.sty
Package: amsfonts 2013/01/14 v3.01 Basic AMSFonts support
\symAMSa=\mathgroup4
\symAMSb=\mathgroup5
LaTeX Font Info:    Overwriting math alphabet `\mathfrak' in version `bold'
(Font)                  U/euf/m/n --> U/euf/b/n on input line 106.
)
\copyins=\insert199
\abstractbox=\box28
\listisep=\skip45
\c@part=\count92
\c@section=\count93
\c@subsection=\count94
\c@subsubsection=\count95
\c@paragraph=\count96
\c@subparagraph=\count97
\c@figure=\count98
\c@table=\count99
\abovecaptionskip=\skip46
\belowcaptionskip=\skip47
\captionindent=\dimen113
\thm@style=\toks21
\thm@bodyfont=\toks22
\thm@headfont=\toks23
\thm@notefont=\toks24
\thm@headpunct=\toks25
\thm@preskip=\skip48
\thm@postskip=\skip49
\thm@headsep=\skip50
\dth@everypar=\toks26
) (d:/texlive/2016/texmf-dist/tex/latex/microtype/microtype.sty
Package: microtype 2016/05/14 v2.6a Micro-typographical refinements (RS)
\MT@toks=\toks27
\MT@count=\count100
LaTeX Info: Redefining \textls on input line 774.
\MT@outer@kern=\dimen114
LaTeX Info: Redefining \textmicrotypecontext on input line 1310.
\MT@listname@count=\count101
 (d:/texlive/2016/texmf-dist/tex/latex/microtype/microtype-pdftex.def
File: microtype-pdftex.def 2016/05/14 v2.6a Definitions specific to pdftex (RS)
LaTeX Info: Redefining \lsstyle on input line 916.
LaTeX Info: Redefining \lslig on input line 916.
\MT@outer@space=\skip51
)
Package microtype Info: Loading configuration file microtype.cfg.
 (d:/texlive/2016/texmf-dist/tex/latex/microtype/microtype.cfg
File: microtype.cfg 2016/05/14 v2.6a microtype main configuration file (RS)
)) (d:/texlive/2016/texmf-dist/tex/latex/totpages/totpages.sty
Package: totpages 2005/09/19 v2.00 Totpages Package (muewi)
 (d:/texlive/2016/texmf-dist/tex/latex/ms/everyshi.sty
Package: everyshi 2001/05/15 v3.00 EveryShipout Package (MS)
)) (d:/texlive/2016/texmf-dist/tex/latex/environ/environ.sty
Package: environ 2014/05/04 v0.3 A new way to define environments
 (d:/texlive/2016/texmf-dist/tex/latex/trimspaces/trimspaces.sty
Package: trimspaces 2009/09/17 v1.1 Trim spaces around a token list
)) (d:/texlive/2016/texmf-dist/tex/latex/natbib/natbib.sty
Package: natbib 2010/09/13 8.31b (PWD, AO)
\bibhang=\skip52
\bibsep=\skip53
LaTeX Info: Redefining \cite on input line 694.
\c@NAT@ctr=\count102
) (d:/texlive/2016/texmf-dist/tex/latex/hyperref/hyperref.sty
Package: hyperref 2017/03/14 v6.85a Hypertext links for LaTeX
 (d:/texlive/2016/texmf-dist/tex/generic/oberdiek/hobsub-hyperref.sty
Package: hobsub-hyperref 2016/05/16 v1.14 Bundle oberdiek, subset hyperref (HO)
 (d:/texlive/2016/texmf-dist/tex/generic/oberdiek/hobsub-generic.sty
Package: hobsub-generic 2016/05/16 v1.14 Bundle oberdiek, subset generic (HO)
Package: hobsub 2016/05/16 v1.14 Construct package bundles (HO)
Package: infwarerr 2016/05/16 v1.4 Providing info/warning/error messages (HO)
Package: ltxcmds 2016/05/16 v1.23 LaTeX kernel commands for general use (HO)
Package: ifluatex 2016/05/16 v1.4 Provides the ifluatex switch (HO)
Package ifluatex Info: LuaTeX not detected.
Package: ifvtex 2016/05/16 v1.6 Detect VTeX and its facilities (HO)
Package ifvtex Info: VTeX not detected.
Package: intcalc 2016/05/16 v1.2 Expandable calculations with integers (HO)
Package: ifpdf 2017/03/15 v3.2 Provides the ifpdf switch
Package: etexcmds 2016/05/16 v1.6 Avoid name clashes with e-TeX commands (HO)
Package etexcmds Info: Could not find \expanded.
(etexcmds)             That can mean that you are not using pdfTeX 1.50 or
(etexcmds)             that some package has redefined \expanded.
(etexcmds)             In the latter case, load this package earlier.
Package: kvsetkeys 2016/05/16 v1.17 Key value parser (HO)
Package: kvdefinekeys 2016/05/16 v1.4 Define keys (HO)
Package: pdftexcmds 2017/03/19 v0.25 Utility functions of pdfTeX for LuaTeX (HO)
Package pdftexcmds Info: LuaTeX not detected.
Package pdftexcmds Info: \pdf@primitive is available.
Package pdftexcmds Info: \pdf@ifprimitive is available.
Package pdftexcmds Info: \pdfdraftmode found.
Package: pdfescape 2016/05/16 v1.14 Implements pdfTeX's escape features (HO)
Package: bigintcalc 2016/05/16 v1.4 Expandable calculations on big integers (HO)
Package: bitset 2016/05/16 v1.2 Handle bit-vector datatype (HO)
Package: uniquecounter 2016/05/16 v1.3 Provide unlimited unique counter (HO)
)
Package hobsub Info: Skipping package `hobsub' (already loaded).
Package: letltxmacro 2016/05/16 v1.5 Let assignment for LaTeX macros (HO)
Package: hopatch 2016/05/16 v1.3 Wrapper for package hooks (HO)
Package: xcolor-patch 2016/05/16 xcolor patch
Package: atveryend 2016/05/16 v1.9 Hooks at the very end of document (HO)
Package atveryend Info: \enddocument detected (standard20110627).
Package: atbegshi 2016/06/09 v1.18 At begin shipout hook (HO)
Package: refcount 2016/05/16 v3.5 Data extraction from label references (HO)
Package: hycolor 2016/05/16 v1.8 Color options for hyperref/bookmark (HO)
) (d:/texlive/2016/texmf-dist/tex/generic/ifxetex/ifxetex.sty
Package: ifxetex 2010/09/12 v0.6 Provides ifxetex conditional
) (d:/texlive/2016/texmf-dist/tex/latex/oberdiek/auxhook.sty
Package: auxhook 2016/05/16 v1.4 Hooks for auxiliary files (HO)
) (d:/texlive/2016/texmf-dist/tex/latex/oberdiek/kvoptions.sty
Package: kvoptions 2016/05/16 v3.12 Key value format for package options (HO)
)
\@linkdim=\dimen115
\Hy@linkcounter=\count103
\Hy@pagecounter=\count104
 (d:/texlive/2016/texmf-dist/tex/latex/hyperref/pd1enc.def
File: pd1enc.def 2017/03/14 v6.85a Hyperref: PDFDocEncoding definition (HO)
)
\Hy@SavedSpaceFactor=\count105
 (d:/texlive/2016/texmf-dist/tex/latex/latexconfig/hyperref.cfg
File: hyperref.cfg 2002/06/06 v1.2 hyperref configuration of TeXLive
)
Package hyperref Info: Option `bookmarksnumbered' set `true' on input line 4374.
Package hyperref Info: Hyper figures OFF on input line 4498.
Package hyperref Info: Link nesting OFF on input line 4503.
Package hyperref Info: Hyper index ON on input line 4506.
Package hyperref Info: Plain pages OFF on input line 4513.
Package hyperref Info: Backreferencing OFF on input line 4518.
Package hyperref Info: Implicit mode ON; LaTeX internals redefined.
Package hyperref Info: Bookmarks ON on input line 4751.
\c@Hy@tempcnt=\count106
 (d:/texlive/2016/texmf-dist/tex/latex/url/url.sty
\Urlmuskip=\muskip11
Package: url 2013/09/16  ver 3.4  Verb mode for urls, etc.
)
LaTeX Info: Redefining \url on input line 5104.
\XeTeXLinkMargin=\dimen116
\Fld@menulength=\count107
\Field@Width=\dimen117
\Fld@charsize=\dimen118
Package hyperref Info: Hyper figures OFF on input line 6358.
Package hyperref Info: Link nesting OFF on input line 6363.
Package hyperref Info: Hyper index ON on input line 6366.
Package hyperref Info: backreferencing OFF on input line 6373.
Package hyperref Info: Link coloring OFF on input line 6378.
Package hyperref Info: Link coloring with OCG OFF on input line 6383.
Package hyperref Info: PDF/A mode OFF on input line 6388.
LaTeX Info: Redefining \ref on input line 6428.
LaTeX Info: Redefining \pageref on input line 6432.
\Hy@abspage=\count108
\c@Item=\count109
\c@Hfootnote=\count110
)

Package hyperref Message: Driver (autodetected): hpdftex.

(d:/texlive/2016/texmf-dist/tex/latex/hyperref/hpdftex.def
File: hpdftex.def 2017/03/14 v6.85a Hyperref driver for pdfTeX
\Fld@listcount=\count111
\c@bookmark@seq@number=\count112
 (d:/texlive/2016/texmf-dist/tex/latex/oberdiek/rerunfilecheck.sty
Package: rerunfilecheck 2016/05/16 v1.8 Rerun checks for auxiliary files (HO)
Package uniquecounter Info: New unique counter `rerunfilecheck' on input line 282.
)
\Hy@SectionHShift=\skip54
) (d:/texlive/2016/texmf-dist/tex/latex/graphics/graphicx.sty
Package: graphicx 2014/10/28 v1.0g Enhanced LaTeX Graphics (DPC,SPQR)
 (d:/texlive/2016/texmf-dist/tex/latex/graphics/graphics.sty
Package: graphics 2016/10/09 v1.0u Standard LaTeX Graphics (DPC,SPQR)
 (d:/texlive/2016/texmf-dist/tex/latex/graphics/trig.sty
Package: trig 2016/01/03 v1.10 sin cos tan (DPC)
) (d:/texlive/2016/texmf-dist/tex/latex/graphics-cfg/graphics.cfg
File: graphics.cfg 2016/06/04 v1.11 sample graphics configuration
)
Package graphics Info: Driver file: pdftex.def on input line 99.
 (d:/texlive/2016/texmf-dist/tex/latex/graphics-def/pdftex.def
File: pdftex.def 2017/01/12 v0.06k Graphics/color for pdfTeX
\Gread@gobject=\count113
))
\Gin@req@height=\dimen119
\Gin@req@width=\dimen120
) (d:/texlive/2016/texmf-dist/tex/latex/xcolor/xcolor.sty
Package: xcolor 2016/05/11 v2.12 LaTeX color extensions (UK)
 (d:/texlive/2016/texmf-dist/tex/latex/graphics-cfg/color.cfg
File: color.cfg 2016/01/02 v1.6 sample color configuration
)
Package xcolor Info: Driver file: pdftex.def on input line 225.
Package xcolor Info: Model `cmy' substituted by `cmy0' on input line 1348.
Package xcolor Info: Model `hsb' substituted by `rgb' on input line 1352.
Package xcolor Info: Model `RGB' extended on input line 1364.
Package xcolor Info: Model `HTML' substituted by `rgb' on input line 1366.
Package xcolor Info: Model `Hsb' substituted by `hsb' on input line 1367.
Package xcolor Info: Model `tHsb' substituted by `hsb' on input line 1368.
Package xcolor Info: Model `HSB' substituted by `hsb' on input line 1369.
Package xcolor Info: Model `Gray' substituted by `gray' on input line 1370.
Package xcolor Info: Model `wave' substituted by `hsb' on input line 1371.
) (d:/texlive/2016/texmf-dist/tex/latex/geometry/geometry.sty
Package: geometry 2010/09/12 v5.6 Page Geometry
\Gm@cnth=\count114
\Gm@cntv=\count115
\c@Gm@tempcnt=\count116
\Gm@bindingoffset=\dimen121
\Gm@wd@mp=\dimen122
\Gm@odd@mp=\dimen123
\Gm@even@mp=\dimen124
\Gm@layoutwidth=\dimen125
\Gm@layoutheight=\dimen126
\Gm@layouthoffset=\dimen127
\Gm@layoutvoffset=\dimen128
\Gm@dimlist=\toks28
) (d:/texlive/2016/texmf-dist/tex/latex/ncctools/manyfoot.sty
Package: manyfoot 2005/09/11 v1.10 Many Footnote Levels Package (NCC)
 (d:/texlive/2016/texmf-dist/tex/latex/ncctools/nccfoots.sty
Package: nccfoots 2005/02/03 v1.2 NCC Footnotes Package (NCC)
)
\MFL@columnwidth=\dimen129
)
\footinscopyrightpermission=\insert198
\c@footnotecopyrightpermission=\count117
 (d:/texlive/2016/texmf-dist/tex/latex/libertine/libertine.sty
Package: libertine 2017/03/22 (Bob Tennent) Supports Libertine and Biolinum fonts for all LaTeX engines.
 (d:/texlive/2016/texmf-dist/tex/latex/base/textcomp.sty
Package: textcomp 2017/02/22 v2.0g Standard LaTeX package
Package textcomp Info: Sub-encoding information:
(textcomp)               5 = only ISO-Adobe without \textcurrency
(textcomp)               4 = 5 + \texteuro
(textcomp)               3 = 4 + \textohm
(textcomp)               2 = 3 + \textestimated + \textcurrency
(textcomp)               1 = TS1 - \textcircled - \t
(textcomp)               0 = TS1 (full)
(textcomp)             Font families with sub-encoding setting implement
(textcomp)             only a restricted character set as indicated.
(textcomp)             Family '?' is the default used for unknown fonts.
(textcomp)             See the documentation for details.
Package textcomp Info: Setting ? sub-encoding to TS1/1 on input line 79.
 (d:/texlive/2016/texmf-dist/tex/latex/base/ts1enc.def
File: ts1enc.def 2001/06/05 v3.0e (jk/car/fm) Standard LaTeX file
)
LaTeX Info: Redefining \oldstylenums on input line 334.
Package textcomp Info: Setting cmr sub-encoding to TS1/0 on input line 349.
Package textcomp Info: Setting cmss sub-encoding to TS1/0 on input line 350.
Package textcomp Info: Setting cmtt sub-encoding to TS1/0 on input line 351.
Package textcomp Info: Setting cmvtt sub-encoding to TS1/0 on input line 352.
Package textcomp Info: Setting cmbr sub-encoding to TS1/0 on input line 353.
Package textcomp Info: Setting cmtl sub-encoding to TS1/0 on input line 354.
Package textcomp Info: Setting ccr sub-encoding to TS1/0 on input line 355.
Package textcomp Info: Setting ptm sub-encoding to TS1/4 on input line 356.
Package textcomp Info: Setting pcr sub-encoding to TS1/4 on input line 357.
Package textcomp Info: Setting phv sub-encoding to TS1/4 on input line 358.
Package textcomp Info: Setting ppl sub-encoding to TS1/3 on input line 359.
Package textcomp Info: Setting pag sub-encoding to TS1/4 on input line 360.
Package textcomp Info: Setting pbk sub-encoding to TS1/4 on input line 361.
Package textcomp Info: Setting pnc sub-encoding to TS1/4 on input line 362.
Package textcomp Info: Setting pzc sub-encoding to TS1/4 on input line 363.
Package textcomp Info: Setting bch sub-encoding to TS1/4 on input line 364.
Package textcomp Info: Setting put sub-encoding to TS1/5 on input line 365.
Package textcomp Info: Setting uag sub-encoding to TS1/5 on input line 366.
Package textcomp Info: Setting ugq sub-encoding to TS1/5 on input line 367.
Package textcomp Info: Setting ul8 sub-encoding to TS1/4 on input line 368.
Package textcomp Info: Setting ul9 sub-encoding to TS1/4 on input line 369.
Package textcomp Info: Setting augie sub-encoding to TS1/5 on input line 370.
Package textcomp Info: Setting dayrom sub-encoding to TS1/3 on input line 371.
Package textcomp Info: Setting dayroms sub-encoding to TS1/3 on input line 372.
Package textcomp Info: Setting pxr sub-encoding to TS1/0 on input line 373.
Package textcomp Info: Setting pxss sub-encoding to TS1/0 on input line 374.
Package textcomp Info: Setting pxtt sub-encoding to TS1/0 on input line 375.
Package textcomp Info: Setting txr sub-encoding to TS1/0 on input line 376.
Package textcomp Info: Setting txss sub-encoding to TS1/0 on input line 377.
Package textcomp Info: Setting txtt sub-encoding to TS1/0 on input line 378.
Package textcomp Info: Setting lmr sub-encoding to TS1/0 on input line 379.
Package textcomp Info: Setting lmdh sub-encoding to TS1/0 on input line 380.
Package textcomp Info: Setting lmss sub-encoding to TS1/0 on input line 381.
Package textcomp Info: Setting lmssq sub-encoding to TS1/0 on input line 382.
Package textcomp Info: Setting lmvtt sub-encoding to TS1/0 on input line 383.
Package textcomp Info: Setting lmtt sub-encoding to TS1/0 on input line 384.
Package textcomp Info: Setting qhv sub-encoding to TS1/0 on input line 385.
Package textcomp Info: Setting qag sub-encoding to TS1/0 on input line 386.
Package textcomp Info: Setting qbk sub-encoding to TS1/0 on input line 387.
Package textcomp Info: Setting qcr sub-encoding to TS1/0 on input line 388.
Package textcomp Info: Setting qcs sub-encoding to TS1/0 on input line 389.
Package textcomp Info: Setting qpl sub-encoding to TS1/0 on input line 390.
Package textcomp Info: Setting qtm sub-encoding to TS1/0 on input line 391.
Package textcomp Info: Setting qzc sub-encoding to TS1/0 on input line 392.
Package textcomp Info: Setting qhvc sub-encoding to TS1/0 on input line 393.
Package textcomp Info: Setting futs sub-encoding to TS1/4 on input line 394.
Package textcomp Info: Setting futx sub-encoding to TS1/4 on input line 395.
Package textcomp Info: Setting futj sub-encoding to TS1/4 on input line 396.
Package textcomp Info: Setting hlh sub-encoding to TS1/3 on input line 397.
Package textcomp Info: Setting hls sub-encoding to TS1/3 on input line 398.
Package textcomp Info: Setting hlst sub-encoding to TS1/3 on input line 399.
Package textcomp Info: Setting hlct sub-encoding to TS1/5 on input line 400.
Package textcomp Info: Setting hlx sub-encoding to TS1/5 on input line 401.
Package textcomp Info: Setting hlce sub-encoding to TS1/5 on input line 402.
Package textcomp Info: Setting hlcn sub-encoding to TS1/5 on input line 403.
Package textcomp Info: Setting hlcw sub-encoding to TS1/5 on input line 404.
Package textcomp Info: Setting hlcf sub-encoding to TS1/5 on input line 405.
Package textcomp Info: Setting pplx sub-encoding to TS1/3 on input line 406.
Package textcomp Info: Setting pplj sub-encoding to TS1/3 on input line 407.
Package textcomp Info: Setting ptmx sub-encoding to TS1/4 on input line 408.
Package textcomp Info: Setting ptmj sub-encoding to TS1/4 on input line 409.
) (d:/texlive/2016/texmf-dist/tex/latex/mweights/mweights.sty
Package: mweights 2017/03/30 (Bob Tennent) Support package for multiple-weight font packages. 
LaTeX Info: Redefining \bfseries on input line 22.
LaTeX Info: Redefining \mdseries on input line 30.
LaTeX Info: Redefining \rmfamily on input line 38.
LaTeX Info: Redefining \sffamily on input line 66.
LaTeX Info: Redefining \ttfamily on input line 94.
) (d:/texlive/2016/texmf-dist/tex/latex/base/fontenc.sty
Package: fontenc 2017/02/22 v2.0g Standard LaTeX package
) (d:/texlive/2016/texmf-dist/tex/latex/fontaxes/fontaxes.sty
Package: fontaxes 2014/03/23 v1.0d Font selection axes
LaTeX Info: Redefining \upshape on input line 29.
LaTeX Info: Redefining \itshape on input line 31.
LaTeX Info: Redefining \slshape on input line 33.
LaTeX Info: Redefining \scshape on input line 37.
)
LaTeX Info: Redefining \oldstylenums on input line 481.
 (d:/texlive/2016/texmf-dist/tex/latex/libertine/LinLibertine_I.tex)) (d:/texlive/2016/texmf-dist/tex/latex/inconsolata/zi4.sty
Package: zi4 2017/01/04 v1.112
 `inconsolata-zi4' v1.112, 2017/01/04 Text macros for Inconsolata (msharpe)
\zifour@ocount=\count118
) (d:/texlive/2016/texmf-dist/tex/latex/newtx/newtxmath.sty
Package: newtxmath 2017/02/12 v1.518
 `newtxmath' v1.518, 2017/02/12 Math macros based on txfonts (msharpe) (d:/texlive/2016/texmf-dist/tex/generic/kastrup/binhex.tex)
\tx@Isdigit=\count119
LaTeX Font Info:    Redeclaring symbol font `operators' on input line 153.
LaTeX Font Info:    Overwriting symbol font `operators' in version `normal'
(Font)                  OT1/cmr/m/n --> OT1/LinuxLibertineT-TLF/m/n on input line 153.
LaTeX Font Info:    Overwriting symbol font `operators' in version `bold'
(Font)                  OT1/cmr/bx/n --> OT1/LinuxLibertineT-TLF/m/n on input line 153.
LaTeX Font Info:    Overwriting symbol font `operators' in version `bold'
(Font)                  OT1/LinuxLibertineT-TLF/m/n --> OT1/LinuxLibertineT-TLF/sb/n on input line 154.
LaTeX Font Info:    Redeclaring math alphabet \mathsf on input line 160.
LaTeX Font Info:    Overwriting math alphabet `\mathsf' in version `normal'
(Font)                  OT1/cmss/m/n --> OT1/LinuxBiolinumT-TLF/m/n on input line 160.
LaTeX Font Info:    Overwriting math alphabet `\mathsf' in version `bold'
(Font)                  OT1/cmss/bx/n --> OT1/LinuxBiolinumT-TLF/m/n on input line 160.
LaTeX Font Info:    Redeclaring math alphabet \mathit on input line 161.
LaTeX Font Info:    Overwriting math alphabet `\mathit' in version `normal'
(Font)                  OT1/cmr/m/it --> OT1/LinuxLibertineT-TLF/m/it on input line 161.
LaTeX Font Info:    Overwriting math alphabet `\mathit' in version `bold'
(Font)                  OT1/cmr/bx/it --> OT1/LinuxLibertineT-TLF/m/it on input line 161.
LaTeX Font Info:    Redeclaring math alphabet \mathtt on input line 162.
LaTeX Font Info:    Overwriting math alphabet `\mathtt' in version `normal'
(Font)                  OT1/cmtt/m/n --> OT1/zi4/m/n on input line 162.
LaTeX Font Info:    Overwriting math alphabet `\mathtt' in version `bold'
(Font)                  OT1/cmtt/m/n --> OT1/zi4/m/n on input line 162.
LaTeX Font Info:    Redeclaring math alphabet \mathbf on input line 164.
LaTeX Font Info:    Overwriting math alphabet `\mathbf' in version `normal'
(Font)                  OT1/cmr/bx/n --> OT1/LinuxLibertineT-TLF/sb/n on input line 164.
LaTeX Font Info:    Overwriting math alphabet `\mathbf' in version `bold'
(Font)                  OT1/cmr/bx/n --> OT1/LinuxLibertineT-TLF/sb/n on input line 164.
LaTeX Font Info:    Overwriting math alphabet `\mathit' in version `bold'
(Font)                  OT1/LinuxLibertineT-TLF/m/it --> OT1/LinuxLibertineT-TLF/sb/it on input line 165.
LaTeX Font Info:    Overwriting math alphabet `\mathsf' in version `bold'
(Font)                  OT1/LinuxBiolinumT-TLF/m/n --> OT1/LinuxBiolinumT-TLF/b/n on input line 166.
LaTeX Font Info:    Overwriting math alphabet `\mathtt' in version `bold'
(Font)                  OT1/zi4/m/n --> OT1/zi4/b/n on input line 167.
LaTeX Font Info:    Redeclaring symbol font `letters' on input line 179.
LaTeX Font Info:    Overwriting symbol font `letters' in version `normal'
(Font)                  OML/cmm/m/it --> OML/nxlmi/m/it on input line 179.
LaTeX Font Info:    Overwriting symbol font `letters' in version `bold'
(Font)                  OML/cmm/b/it --> OML/nxlmi/m/it on input line 179.
LaTeX Font Info:    Overwriting symbol font `letters' in version `bold'
(Font)                  OML/nxlmi/m/it --> OML/nxlmi/b/it on input line 180.
\symlettersA=\mathgroup6
LaTeX Font Info:    Overwriting symbol font `lettersA' in version `bold'
(Font)                  U/ntxmia/m/it --> U/ntxmia/b/it on input line 235.
LaTeX Font Info:    Redeclaring math alphabet \mathfrak on input line 237.
LaTeX Font Info:    Redeclaring symbol font `symbols' on input line 256.
LaTeX Font Info:    Encoding `OMS' has changed to `LMS' for symbol font
(Font)              `symbols' in the math version `normal' on input line 256.
LaTeX Font Info:    Overwriting symbol font `symbols' in version `normal'
(Font)                  OMS/cmsy/m/n --> LMS/ntxsy/m/n on input line 256.
LaTeX Font Info:    Encoding `OMS' has changed to `LMS' for symbol font
(Font)              `symbols' in the math version `bold' on input line 256.
LaTeX Font Info:    Overwriting symbol font `symbols' in version `bold'
(Font)                  OMS/cmsy/b/n --> LMS/ntxsy/m/n on input line 256.
LaTeX Font Info:    Overwriting symbol font `symbols' in version `bold'
(Font)                  LMS/ntxsy/m/n --> LMS/ntxsy/b/n on input line 257.
\symAMSm=\mathgroup7
LaTeX Font Info:    Overwriting symbol font `AMSm' in version `bold'
(Font)                  U/ntxsym/m/n --> U/ntxsym/b/n on input line 280.
\symsymbolsC=\mathgroup8
LaTeX Font Info:    Overwriting symbol font `symbolsC' in version `bold'
(Font)                  U/ntxsyc/m/n --> U/ntxsyc/b/n on input line 301.
LaTeX Font Info:    Redeclaring symbol font `largesymbols' on input line 314.
LaTeX Font Info:    Encoding `OMX' has changed to `LMX' for symbol font
(Font)              `largesymbols' in the math version `normal' on input line 314.
LaTeX Font Info:    Overwriting symbol font `largesymbols' in version `normal'
(Font)                  OMX/cmex/m/n --> LMX/ntxexx/m/n on input line 314.
LaTeX Font Info:    Encoding `OMX' has changed to `LMX' for symbol font
(Font)              `largesymbols' in the math version `bold' on input line 314.
LaTeX Font Info:    Overwriting symbol font `largesymbols' in version `bold'
(Font)                  OMX/cmex/m/n --> LMX/ntxexx/m/n on input line 314.
LaTeX Font Info:    Overwriting symbol font `largesymbols' in version `bold'
(Font)                  LMX/ntxexx/m/n --> LMX/ntxexx/b/n on input line 315.
\symlargesymbolsTXA=\mathgroup9
LaTeX Font Info:    Overwriting symbol font `largesymbolsTXA' in version `bold'
(Font)                  U/ntxexa/m/n --> U/ntxexa/b/n on input line 329.
LaTeX Font Info:    Redeclaring math delimiter \lgroup on input line 500.
LaTeX Font Info:    Redeclaring math delimiter \rgroup on input line 501.
LaTeX Font Info:    Redeclaring math delimiter \lmoustache on input line 502.
LaTeX Font Info:    Redeclaring math delimiter \rmoustache on input line 503.
LaTeX Font Info:    Redeclaring math delimiter \lfloor on input line 509.
LaTeX Font Info:    Redeclaring math delimiter \rfloor on input line 510.
LaTeX Font Info:    Redeclaring math delimiter \lceil on input line 511.
LaTeX Font Info:    Redeclaring math delimiter \rceil on input line 512.
LaTeX Font Info:    Redeclaring math delimiter \lbrace on input line 513.
LaTeX Font Info:    Redeclaring math delimiter \rbrace on input line 514.
LaTeX Font Info:    Redeclaring math delimiter \langle on input line 515.
LaTeX Font Info:    Redeclaring math delimiter \rangle on input line 517.
LaTeX Font Info:    Redeclaring math symbol \mid on input line 519.
LaTeX Font Info:    Redeclaring math delimiter \arrowvert on input line 521.
LaTeX Font Info:    Redeclaring math delimiter \vert on input line 522.
LaTeX Font Info:    Redeclaring math symbol \parallel on input line 523.
LaTeX Font Info:    Redeclaring math delimiter \Arrowvert on input line 524.
LaTeX Font Info:    Redeclaring math delimiter \Vert on input line 525.
LaTeX Font Info:    Redeclaring math delimiter \updownarrow on input line 527.
LaTeX Font Info:    Redeclaring math delimiter \Updownarrow on input line 528.
LaTeX Font Info:    Redeclaring math delimiter \lvert on input line 533.
LaTeX Font Info:    Redeclaring math delimiter \rvert on input line 534.
LaTeX Font Info:    Redeclaring math delimiter \lVert on input line 535.
LaTeX Font Info:    Redeclaring math delimiter \rVert on input line 536.
LaTeX Info: Redefining \not on input line 2099.
LaTeX Info: Redefining \textsquare on input line 2120.
LaTeX Info: Redefining \openbox on input line 2122.
) (d:/texlive/2016/texmf-dist/tex/latex/caption/caption.sty
Package: caption 2016/02/21 v3.3-144 Customizing captions (AR)
 (d:/texlive/2016/texmf-dist/tex/latex/caption/caption3.sty
Package: caption3 2016/05/22 v1.7-166 caption3 kernel (AR)
Package caption3 Info: TeX engine: e-TeX on input line 67.
\captionmargin=\dimen130
\captionmargin@=\dimen131
\captionwidth=\dimen132
\caption@tempdima=\dimen133
\caption@indent=\dimen134
\caption@parindent=\dimen135
\caption@hangindent=\dimen136
)
Package caption Info: AMS or SMF document class.
\c@ContinuedFloat=\count120
Package caption Info: hyperref package is loaded.
) (d:/texlive/2016/texmf-dist/tex/latex/float/float.sty
Package: float 2001/11/08 v1.3d Float enhancements (AL)
\c@float@type=\count121
\float@exts=\toks29
\float@box=\box29
\@float@everytoks=\toks30
\@floatcapt=\box30
)
\@float@every@sidebar=\toks31
\c@sidebar=\count122
\fulltextwidth=\dimen137
\num@authorgroups=\count123
\@ACM@badge@width=\skip55
\@ACM@title@width=\skip56
\@ACM@badge@skip=\skip57
Class acmart Info: Printing CSS on input line 1042.
Class acmart Info: Printing bibformat on input line 1042.
Class acmart Info: Suppressing folios on input line 1049.
 (e:/OneDrive/TFG_Infor/PSO/Resultados_BBOB/latex/comment.sty
\CommentStream=\write3
 Excluding comment 'comment') Excluding comment 'CCSXML'
\mktitle@bx=\box31
\@ACM@commabox=\box32
\author@bx=\box33
\author@bx@wd=\dimen138
\author@bx@sep=\skip58
 (d:/texlive/2016/texmf-dist/tex/latex/fancyhdr/fancyhdr.sty
Package: fancyhdr 2016/09/06 3.8 Extensive control of page headers and footers
\fancy@headwidth=\skip59
\f@ncyO@elh=\skip60
\f@ncyO@erh=\skip61
\f@ncyO@olh=\skip62
\f@ncyO@orh=\skip63
\f@ncyO@elf=\skip64
\f@ncyO@erf=\skip65
\f@ncyO@olf=\skip66
\f@ncyO@orf=\skip67
)
\@folio@wd=\dimen139
\@folio@ht=\dimen140
\@folio@voffset=\dimen141
\c@theorem=\count124
 Special comment 'acks' Excluding comment 'screenonly' Include comment 'printonly' Include comment 'anonsuppress'
LaTeX Font Info:    Try loading font information for OT1+LinuxLibertineT-TLF on input line 2184.
 (d:/texlive/2016/texmf-dist/tex/latex/libertine/ot1linuxlibertinet-tlf.fd
File: OT1LinuxLibertineT-TLF.fd 2017/03/20 (autoinst) Font definitions for OT1/LinuxLibertineT-TLF.
)
LaTeX Font Info:    Font shape `OT1/LinuxLibertineT-TLF/m/n' will be
(Font)              scaled to size 9.0pt on input line 2184.
) (d:/texlive/2016/texmf-dist/tex/latex/booktabs/booktabs.sty
Package: booktabs 2016/04/27 v1.618033 publication quality tables
\heavyrulewidth=\dimen142
\lightrulewidth=\dimen143
\cmidrulewidth=\dimen144
\belowrulesep=\dimen145
\belowbottomsep=\dimen146
\aboverulesep=\dimen147
\abovetopsep=\dimen148
\cmidrulesep=\dimen149
\cmidrulekern=\dimen150
\defaultaddspace=\dimen151
\@cmidla=\count125
\@cmidlb=\count126
\@aboverulesep=\dimen152
\@belowrulesep=\dimen153
\@thisruleclass=\count127
\@lastruleclass=\count128
\@thisrulewidth=\dimen154
) (d:/texlive/2016/texmf-dist/tex/latex/graphics/rotating.sty
Package: rotating 2016/08/11 v2.16d rotated objects in LaTeX
 (d:/texlive/2016/texmf-dist/tex/latex/base/ifthen.sty
Package: ifthen 2014/09/29 v1.1c Standard LaTeX ifthen package (DPC)
)
\c@r@tfl@t=\count129
\rotFPtop=\skip68
\rotFPbot=\skip69
\rot@float@box=\box34
\rot@mess@toks=\toks32
) (d:/texlive/2016/texmf-dist/tex/latex/tools/tabularx.sty
Package: tabularx 2016/02/03 v2.11 `tabularx' package (DPC)
 (d:/texlive/2016/texmf-dist/tex/latex/tools/array.sty
Package: array 2016/10/06 v2.4d Tabular extension package (FMi)
\col@sep=\dimen155
\extrarowheight=\dimen156
\NC@list=\toks33
\extratabsurround=\skip70
\backup@length=\skip71
)
\TX@col@width=\dimen157
\TX@old@table=\dimen158
\TX@old@col=\dimen159
\TX@target=\dimen160
\TX@delta=\dimen161
\TX@cols=\count130
\TX@ftn=\toks34
) (d:/texlive/2016/texmf-dist/tex/generic/xstring/xstring.sty (d:/texlive/2016/texmf-dist/tex/generic/xstring/xstring.tex
\@xs@message=\write4
\integerpart=\count131
\decimalpart=\count132
)
Package: xstring 2013/10/13  v1.7c  String manipulations (C Tellechea)
) (d:/texlive/2016/texmf-dist/tex/latex/wasysym/wasysym.sty
Package: wasysym 2003/10/30 v2.0 Wasy-2 symbol support package
\symwasy=\mathgroup10
LaTeX Font Info:    Overwriting symbol font `wasy' in version `bold'
(Font)                  U/wasy/m/n --> U/wasy/b/n on input line 90.
) (d:/texlive/2016/texmf-dist/tex/latex/mnsymbol/MnSymbol.sty
Package: MnSymbol 2007/01/21 v1.4 support for the MnSymbol font
LaTeX Info: Redefining \dagger on input line 84.
LaTeX Info: Redefining \ddagger on input line 84.
LaTeX Info: Redefining \mathparagraph on input line 84.
LaTeX Info: Redefining \mathsection on input line 84.
LaTeX Info: Redefining \mathdollar on input line 84.
LaTeX Info: Redefining \mathsterling on input line 84.
LaTeX Info: Redefining \yen on input line 84.
LaTeX Info: Redefining \circledR on input line 84.
LaTeX Info: Redefining \circledS on input line 84.
LaTeX Info: Redefining \Re on input line 84.
LaTeX Info: Redefining \Im on input line 84.
LaTeX Info: Redefining \dotplus on input line 84.
LaTeX Info: Redefining \thicksim on input line 84.
LaTeX Info: Redefining \thickapprox on input line 84.
LaTeX Info: Redefining \veebar on input line 84.
LaTeX Info: Redefining \barwedge on input line 84.
LaTeX Info: Redefining \doublebarwedge on input line 84.
LaTeX Info: Redefining \centerdot on input line 84.
LaTeX Info: Redefining \divideontimes on input line 84.
\symMnSyA=\mathgroup11
\symMnSyB=\mathgroup12
\symMnSyC=\mathgroup13
\symMnSyD=\mathgroup14
LaTeX Font Info:    Redeclaring symbol font `largesymbols' on input line 119.
LaTeX Font Info:    Encoding `LMX' has changed to `OMX' for symbol font
(Font)              `largesymbols' in the math version `normal' on input line 119.
LaTeX Font Info:    Overwriting symbol font `largesymbols' in version `normal'
(Font)                  LMX/ntxexx/m/n --> OMX/MnSymbolE/m/n on input line 119.
LaTeX Font Info:    Encoding `LMX' has changed to `OMX' for symbol font
(Font)              `largesymbols' in the math version `bold' on input line 119.
LaTeX Font Info:    Overwriting symbol font `largesymbols' in version `bold'
(Font)                  LMX/ntxexx/b/n --> OMX/MnSymbolE/m/n on input line 119.
LaTeX Font Info:    Redeclaring symbol font `symbols' on input line 120.
LaTeX Font Info:    Encoding `LMS' has changed to `U' for symbol font
(Font)              `symbols' in the math version `normal' on input line 120.
LaTeX Font Info:    Overwriting symbol font `symbols' in version `normal'
(Font)                  LMS/ntxsy/m/n --> U/MnSymbolF/m/n on input line 120.
LaTeX Font Info:    Encoding `LMS' has changed to `U' for symbol font
(Font)              `symbols' in the math version `bold' on input line 120.
LaTeX Font Info:    Overwriting symbol font `symbols' in version `bold'
(Font)                  LMS/ntxsy/b/n --> U/MnSymbolF/m/n on input line 120.
LaTeX Font Info:    Overwriting symbol font `MnSyA' in version `bold'
(Font)                  U/MnSymbolA/m/n --> U/MnSymbolA/b/n on input line 121.
LaTeX Font Info:    Overwriting symbol font `MnSyB' in version `bold'
(Font)                  U/MnSymbolB/m/n --> U/MnSymbolB/b/n on input line 122.
LaTeX Font Info:    Overwriting symbol font `MnSyC' in version `bold'
(Font)                  U/MnSymbolC/m/n --> U/MnSymbolC/b/n on input line 123.
LaTeX Font Info:    Overwriting symbol font `MnSyD' in version `bold'
(Font)                  U/MnSymbolD/m/n --> U/MnSymbolD/b/n on input line 124.
LaTeX Font Info:    Overwriting symbol font `largesymbols' in version `bold'
(Font)                  OMX/MnSymbolE/m/n --> OMX/MnSymbolE/b/n on input line 125.
LaTeX Font Info:    Overwriting symbol font `symbols' in version `bold'
(Font)                  U/MnSymbolF/m/n --> U/MnSymbolF/b/n on input line 126.
LaTeX Font Info:    Redeclaring math alphabet \mathcal on input line 241.
LaTeX Font Info:    Overwriting math alphabet `\mathcal' in version `bold'
(Font)                  OMS/MnSymbolS/m/n --> OMS/MnSymbolS/b/n on input line 241.
LaTeX Info: Redefining \longrightarrow on input line 548.
LaTeX Info: Redefining \longleftarrow on input line 549.
LaTeX Info: Redefining \longleftrightarrow on input line 550.
LaTeX Info: Redefining \Longrightarrow on input line 551.
LaTeX Info: Redefining \Longleftarrow on input line 552.
LaTeX Info: Redefining \Longleftrightarrow on input line 553.
LaTeX Info: Redefining \longmapsto on input line 554.
LaTeX Info: Redefining \vdots on input line 868.
LaTeX Info: Redefining \coloneq on input line 1445.
LaTeX Font Info:    Redeclaring math symbol \braceld on input line 1721.
LaTeX Font Info:    Redeclaring math symbol \bracelu on input line 1722.
LaTeX Font Info:    Redeclaring math symbol \bracerd on input line 1723.
LaTeX Font Info:    Redeclaring math symbol \braceru on input line 1724.
LaTeX Info: Redefining \downbracefill on input line 1799.
LaTeX Info: Redefining \upbracefill on input line 1800.
LaTeX Info: Redefining \overbrace on input line 1819.
LaTeX Info: Redefining \underbrace on input line 1820.
LaTeX Info: Redefining \overgroup on input line 1822.
LaTeX Info: Redefining \undergroup on input line 1823.
LaTeX Info: Redefining \surd on input line 1843.
LaTeX Font Info:    Redeclaring math accent \widehat on input line 1845.
LaTeX Font Info:    Redeclaring math accent \widetilde on input line 1846.
LaTeX Font Info:    Redeclaring math accent \vec on input line 1848.
) (e:/OneDrive/TFG_Infor/PSO/Resultados_BBOB/latex/../ppdata/cocopp_commands.tex) (e:/OneDrive/TFG_Infor/PSO/Resultados_BBOB/latex/templateBBOBcmp.aux)
\openout1 = `templateBBOBcmp.aux'.

LaTeX Font Info:    Checking defaults for OML/nxlmi/m/it on input line 91.
LaTeX Font Info:    Try loading font information for OML+nxlmi on input line 91.
 (d:/texlive/2016/texmf-dist/tex/latex/newtx/omlnxlmi.fd
File: omlnxlmi.fd 2013/11/19 Fontinst v1.933 font definitions for OML/nxlmi.
)
LaTeX Font Info:    ... okay on input line 91.
LaTeX Font Info:    Checking defaults for T1/cmr/m/n on input line 91.
LaTeX Font Info:    ... okay on input line 91.
LaTeX Font Info:    Checking defaults for OT1/cmr/m/n on input line 91.
LaTeX Font Info:    ... okay on input line 91.
LaTeX Font Info:    Checking defaults for OMS/cmsy/m/n on input line 91.
LaTeX Font Info:    ... okay on input line 91.
LaTeX Font Info:    Checking defaults for OMX/cmex/m/n on input line 91.
LaTeX Font Info:    ... okay on input line 91.
LaTeX Font Info:    Checking defaults for U/ntxexa/m/n on input line 91.
LaTeX Font Info:    Try loading font information for U+ntxexa on input line 91.
 (d:/texlive/2016/texmf-dist/tex/latex/newtx/untxexa.fd
File: untxexa.fd 2012/04/16 Fontinst v1.933 font definitions for U/ntxexa.
)
LaTeX Font Info:    ... okay on input line 91.
LaTeX Font Info:    Checking defaults for PD1/pdf/m/n on input line 91.
LaTeX Font Info:    ... okay on input line 91.
LaTeX Font Info:    Checking defaults for TS1/cmr/m/n on input line 91.
LaTeX Font Info:    Try loading font information for TS1+cmr on input line 91.
 (d:/texlive/2016/texmf-dist/tex/latex/base/ts1cmr.fd
File: ts1cmr.fd 2014/09/29 v2.5h Standard LaTeX font definitions
)
LaTeX Font Info:    ... okay on input line 91.
LaTeX Font Info:    Checking defaults for LMS/ntxsy/m/n on input line 91.
LaTeX Font Info:    Try loading font information for LMS+ntxsy on input line 91.
 (d:/texlive/2016/texmf-dist/tex/latex/newtx/lmsntxsy.fd
File: lmsntxsy.fd 2016/07/02 Fontinst v1.933 font definitions for LMS/ntxsy.
)
LaTeX Font Info:    ... okay on input line 91.
LaTeX Font Info:    Checking defaults for LMX/ntxexx/m/n on input line 91.
LaTeX Font Info:    Try loading font information for LMX+ntxexx on input line 91.
 (d:/texlive/2016/texmf-dist/tex/latex/newtx/lmxntxexx.fd
File: lmxntxexx.fd 2016/07/03 Fontinst v1.933 font definitions for LMX/ntxexx.
)
LaTeX Font Info:    ... okay on input line 91.
LaTeX Font Info:    Font shape `OT1/LinuxLibertineT-TLF/m/n' will be
(Font)              scaled to size 7.0pt on input line 91.
LaTeX Font Info:    Font shape `OT1/LinuxLibertineT-TLF/m/n' will be
(Font)              scaled to size 7.3pt on input line 91.
LaTeX Font Info:    Font shape `OT1/LinuxLibertineT-TLF/m/n' will be
(Font)              scaled to size 5.5pt on input line 91.
LaTeX Font Info:    Try loading font information for U+msa on input line 91.
 (d:/texlive/2016/texmf-dist/tex/latex/amsfonts/umsa.fd
File: umsa.fd 2013/01/14 v3.01 AMS symbols A
)
LaTeX Font Info:    Try loading font information for U+msb on input line 91.
 (d:/texlive/2016/texmf-dist/tex/latex/amsfonts/umsb.fd
File: umsb.fd 2013/01/14 v3.01 AMS symbols B
)
LaTeX Font Info:    Try loading font information for U+ntxmia on input line 91.
 (d:/texlive/2016/texmf-dist/tex/latex/newtx/untxmia.fd
File: untxmia.fd 2016/01/31 Fontinst v1.933 font definitions for U/ntxmia.
)
LaTeX Font Info:    Try loading font information for U+ntxsym on input line 91.
 (d:/texlive/2016/texmf-dist/tex/latex/newtx/untxsym.fd
File: untxsym.fd 2015/03/20 Fontinst v1.933 font definitions for U/ntxsym.
)
LaTeX Font Info:    Try loading font information for U+ntxsyc on input line 91.
 (d:/texlive/2016/texmf-dist/tex/latex/newtx/untxsyc.fd
File: untxsyc.fd 2012/04/12 Fontinst v1.933 font definitions for U/ntxsyc.
)
LaTeX Font Info:    Try loading font information for U+wasy on input line 91.
 (d:/texlive/2016/texmf-dist/tex/latex/wasysym/uwasy.fd
File: uwasy.fd 2003/10/30 v2.0 Wasy-2 symbol font definitions
)

LaTeX Font Warning: Font shape `U/wasy/m/n' in size <5.5> not available
(Font)              size <5> substituted on input line 91.

LaTeX Info: Redefining \microtypecontext on input line 91.
Package microtype Info: Generating PDF output.
Package microtype Info: Character protrusion enabled (level 2).
Package microtype Info: Using default protrusion set `alltext'.
Package microtype Info: Automatic font expansion enabled (level 2),
(microtype)             stretch: 20, shrink: 20, step: 1, non-selected.
Package microtype Info: Using default expansion set `basictext'.
Package microtype Info: No adjustment of tracking.
Package microtype Info: No adjustment of interword spacing.
Package microtype Info: No adjustment of character kerning.
Package microtype Info: Loading generic settings for font family
(microtype)             `LinuxLibertineT-TLF' (encoding: OT1).
(microtype)             For optimal results, create family-specific settings.
(microtype)             See the microtype manual for details.
ABD: EveryShipout initializing macros
\AtBeginShipoutBox=\box35
Package hyperref Info: Link coloring OFF on input line 91.
 (d:/texlive/2016/texmf-dist/tex/latex/hyperref/nameref.sty
Package: nameref 2016/05/21 v2.44 Cross-referencing by name of section
 (d:/texlive/2016/texmf-dist/tex/generic/oberdiek/gettitlestring.sty
Package: gettitlestring 2016/05/16 v1.5 Cleanup title references (HO)
)
\c@section@level=\count133
)
LaTeX Info: Redefining \ref on input line 91.
LaTeX Info: Redefining \pageref on input line 91.
LaTeX Info: Redefining \nameref on input line 91.
 (e:/OneDrive/TFG_Infor/PSO/Resultados_BBOB/latex/templateBBOBcmp.out) (e:/OneDrive/TFG_Infor/PSO/Resultados_BBOB/latex/templateBBOBcmp.out)
\@outlinefile=\write5
\openout5 = `templateBBOBcmp.out'.

 (d:/texlive/2016/texmf-dist/tex/context/base/mkii/supp-pdf.mkii
[Loading MPS to PDF converter (version 2006.09.02).]
\scratchcounter=\count134
\scratchdimen=\dimen162
\scratchbox=\box36
\nofMPsegments=\count135
\nofMParguments=\count136
\everyMPshowfont=\toks35
\MPscratchCnt=\count137
\MPscratchDim=\dimen163
\MPnumerator=\count138
\makeMPintoPDFobject=\count139
\everyMPtoPDFconversion=\toks36
) (d:/texlive/2016/texmf-dist/tex/latex/oberdiek/epstopdf-base.sty
Package: epstopdf-base 2016/05/15 v2.6 Base part for package epstopdf
 (d:/texlive/2016/texmf-dist/tex/latex/oberdiek/grfext.sty
Package: grfext 2016/05/16 v1.2 Manage graphics extensions (HO)
)
Package epstopdf-base Info: Redefining graphics rule for `.eps' on input line 438.
Package grfext Info: Graphics extension search list:
(grfext)             [.png,.pdf,.jpg,.mps,.jpeg,.jbig2,.jb2,.PNG,.PDF,.JPG,.JPEG,.JBIG2,.JB2,.eps]
(grfext)             \AppendGraphicsExtensions on input line 456.
 (d:/texlive/2016/texmf-dist/tex/latex/latexconfig/epstopdf-sys.cfg
File: epstopdf-sys.cfg 2010/07/13 v1.3 Configuration of (r)epstopdf for TeX Live
))
*geometry* driver: auto-detecting
*geometry* detected driver: pdftex
*geometry* verbose mode - [ preamble ] result:
* driver: pdftex
* paper: custom
* layout: <same size as paper>
* layoutoffset:(h,v)=(0.0pt,0.0pt)
* modes: includehead includefoot twoside 
* h-part:(L,W,R)=(54.0pt, 506.295pt, 54.0pt)
* v-part:(T,H,B)=(57.0pt, 664.96999pt, 73.0pt)
* \paperwidth=614.295pt
* \paperheight=794.96999pt
* \textwidth=506.295pt
* \textheight=626.96999pt
* \oddsidemargin=-18.26999pt
* \evensidemargin=-18.26999pt
* \topmargin=-15.26999pt
* \headheight=12.0pt
* \headsep=14.0pt
* \topskip=10.0pt
* \footskip=12.0pt
* \marginparwidth=90.0pt
* \marginparsep=11.0pt
* \columnsep=24.0pt
* \skip\footins=7.0pt plus 11.0pt
* \hoffset=0.0pt
* \voffset=0.0pt
* \mag=1000
* \@twocolumnfalse
* \@twosidetrue
* \@mparswitchtrue
* \@reversemarginfalse
* (1in=72.27pt=25.4mm, 1cm=28.453pt)

\c@mv@tabular=\count140
\c@mv@boldtabular=\count141
(d:/texlive/2016/texmf-dist/tex/latex/upquote/upquote.sty
Package: upquote 2012/04/19 v1.3 upright-quote and grave-accent glyphs in verbatim
)
Package caption Info: Begin \AtBeginDocument code.
Package caption Info: float package is loaded.
Package caption Info: rotating package is loaded.
Package caption Info: End \AtBeginDocument code.
LaTeX Font Info:    Font shape `OT1/LinuxLibertineT-TLF/m/n' will be
(Font)              scaled to size 17.28pt on input line 198.
LaTeX Font Info:    Try loading font information for OT1+LinuxBiolinumT-TLF on input line 198.
 (d:/texlive/2016/texmf-dist/tex/latex/libertine/ot1linuxbiolinumt-tlf.fd
File: OT1LinuxBiolinumT-TLF.fd 2017/03/20 (autoinst) Font definitions for OT1/LinuxBiolinumT-TLF.
)
LaTeX Font Info:    Font shape `OT1/LinuxBiolinumT-TLF/m/n' will be
(Font)              scaled to size 17.28pt on input line 198.
Package microtype Info: Loading generic settings for font family
(microtype)             `LinuxBiolinumT-TLF' (encoding: OT1).
(microtype)             For optimal results, create family-specific settings.
(microtype)             See the microtype manual for details.
LaTeX Font Info:    Font shape `OT1/LinuxBiolinumT-TLF/b/n' will be
(Font)              scaled to size 17.28pt on input line 198.
LaTeX Font Info:    Font shape `OT1/LinuxLibertineT-TLF/m/n' will be
(Font)              scaled to size 12.0pt on input line 198.
LaTeX Font Info:    Font shape `OT1/LinuxLibertineT-TLF/m/n' will be
(Font)              scaled to size 10.0pt on input line 198.
LaTeX Font Info:    Font shape `OT1/LinuxLibertineT-TLF/m/it' will be
(Font)              scaled to size 7.0pt on input line 198.
LaTeX Font Info:    Try loading font information for TS1+LinuxLibertineT-TLF on input line 198.
 (d:/texlive/2016/texmf-dist/tex/latex/libertine/ts1linuxlibertinet-tlf.fd
File: TS1LinuxLibertineT-TLF.fd 2017/03/20 (autoinst) Font definitions for TS1/LinuxLibertineT-TLF.
)
LaTeX Font Info:    Font shape `TS1/LinuxLibertineT-TLF/m/n' will be
(Font)              scaled to size 7.0pt on input line 198.
Package microtype Info: Loading generic settings for font family
(microtype)             `LinuxLibertineT-TLF' (encoding: TS1).
(microtype)             For optimal results, create family-specific settings.
(microtype)             See the microtype manual for details.
LaTeX Font Info:    Font shape `OT1/LinuxLibertineT-TLF/m/n' will be
(Font)              scaled to size 8.0pt on input line 198.
LaTeX Font Info:    Font shape `OT1/LinuxLibertineT-TLF/b/n' will be
(Font)              scaled to size 8.0pt on input line 198.
LaTeX Font Info:    Font shape `OT1/LinuxLibertineT-TLF/m/it' will be
(Font)              scaled to size 8.0pt on input line 198.
LaTeX Font Info:    Font shape `OT1/LinuxLibertineT-TLF/m/n' will be
(Font)              scaled to size 6.2pt on input line 198.
 (d:/texlive/2016/texmf-dist/tex/latex/microtype/mt-msa.cfg
File: mt-msa.cfg 2006/02/04 v1.1 microtype config. file: AMS symbols (a) (RS)
) (d:/texlive/2016/texmf-dist/tex/latex/microtype/mt-msb.cfg
File: mt-msb.cfg 2005/06/01 v1.0 microtype config. file: AMS symbols (b) (RS)
)
LaTeX Font Info:    Font shape `OT1/LinuxLibertineT-TLF/b/n' will be
(Font)              scaled to size 9.0pt on input line 216.
LaTeX Font Info:    Font shape `OT1/LinuxLibertineT-TLF/b/n' will be
(Font)              scaled to size 10.95pt on input line 216.
 <../ppdata/PSO1_PSO2/ppfigs_f001.pdf, id=25, 462.52798pt x 346.89601pt>
File: ../ppdata/PSO1_PSO2/ppfigs_f001.pdf Graphic file (type pdf)
 <use ../ppdata/PSO1_PSO2/ppfigs_f001.pdf>
Package pdftex.def Info: ../ppdata/PSO1_PSO2/ppfigs_f001.pdf used on input line 248.
(pdftex.def)             Requested size: 121.51358pt x 91.13301pt.
 <../ppdata/PSO1_PSO2/ppfigs_f002.pdf, id=26, 462.52798pt x 346.89601pt>
File: ../ppdata/PSO1_PSO2/ppfigs_f002.pdf Graphic file (type pdf)
 <use ../ppdata/PSO1_PSO2/ppfigs_f002.pdf>
Package pdftex.def Info: ../ppdata/PSO1_PSO2/ppfigs_f002.pdf used on input line 249.
(pdftex.def)             Requested size: 121.51358pt x 91.13301pt.
 <../ppdata/PSO1_PSO2/ppfigs_f003.pdf, id=27, 462.52798pt x 346.89601pt>
File: ../ppdata/PSO1_PSO2/ppfigs_f003.pdf Graphic file (type pdf)
 <use ../ppdata/PSO1_PSO2/ppfigs_f003.pdf>
Package pdftex.def Info: ../ppdata/PSO1_PSO2/ppfigs_f003.pdf used on input line 250.
(pdftex.def)             Requested size: 121.51358pt x 91.13301pt.
 <../ppdata/PSO1_PSO2/ppfigs_f004.pdf, id=28, 462.52798pt x 346.89601pt>
File: ../ppdata/PSO1_PSO2/ppfigs_f004.pdf Graphic file (type pdf)
 <use ../ppdata/PSO1_PSO2/ppfigs_f004.pdf>
Package pdftex.def Info: ../ppdata/PSO1_PSO2/ppfigs_f004.pdf used on input line 251.
(pdftex.def)             Requested size: 121.51358pt x 91.13301pt.
 <../ppdata/PSO1_PSO2/ppfigs_f005.pdf, id=29, 462.52798pt x 346.89601pt>
File: ../ppdata/PSO1_PSO2/ppfigs_f005.pdf Graphic file (type pdf)
 <use ../ppdata/PSO1_PSO2/ppfigs_f005.pdf>
Package pdftex.def Info: ../ppdata/PSO1_PSO2/ppfigs_f005.pdf used on input line 252.
(pdftex.def)             Requested size: 121.51358pt x 91.13301pt.
 <../ppdata/PSO1_PSO2/ppfigs_f006.pdf, id=30, 462.52798pt x 346.89601pt>
File: ../ppdata/PSO1_PSO2/ppfigs_f006.pdf Graphic file (type pdf)
 <use ../ppdata/PSO1_PSO2/ppfigs_f006.pdf>
Package pdftex.def Info: ../ppdata/PSO1_PSO2/ppfigs_f006.pdf used on input line 253.
(pdftex.def)             Requested size: 121.51358pt x 91.13301pt.
 <../ppdata/PSO1_PSO2/ppfigs_f007.pdf, id=31, 462.52798pt x 346.89601pt>
File: ../ppdata/PSO1_PSO2/ppfigs_f007.pdf Graphic file (type pdf)
 <use ../ppdata/PSO1_PSO2/ppfigs_f007.pdf>
Package pdftex.def Info: ../ppdata/PSO1_PSO2/ppfigs_f007.pdf used on input line 254.
(pdftex.def)             Requested size: 121.51358pt x 91.13301pt.
 <../ppdata/PSO1_PSO2/ppfigs_f008.pdf, id=32, 462.52798pt x 346.89601pt>
File: ../ppdata/PSO1_PSO2/ppfigs_f008.pdf Graphic file (type pdf)
 <use ../ppdata/PSO1_PSO2/ppfigs_f008.pdf>
Package pdftex.def Info: ../ppdata/PSO1_PSO2/ppfigs_f008.pdf used on input line 255.
(pdftex.def)             Requested size: 121.51358pt x 91.13301pt.
 <../ppdata/PSO1_PSO2/ppfigs_f009.pdf, id=33, 462.52798pt x 346.89601pt>
File: ../ppdata/PSO1_PSO2/ppfigs_f009.pdf Graphic file (type pdf)
 <use ../ppdata/PSO1_PSO2/ppfigs_f009.pdf>
Package pdftex.def Info: ../ppdata/PSO1_PSO2/ppfigs_f009.pdf used on input line 256.
(pdftex.def)             Requested size: 121.51358pt x 91.13301pt.
 <../ppdata/PSO1_PSO2/ppfigs_f010.pdf, id=34, 462.52798pt x 346.89601pt>
File: ../ppdata/PSO1_PSO2/ppfigs_f010.pdf Graphic file (type pdf)
 <use ../ppdata/PSO1_PSO2/ppfigs_f010.pdf>
Package pdftex.def Info: ../ppdata/PSO1_PSO2/ppfigs_f010.pdf used on input line 257.
(pdftex.def)             Requested size: 121.51358pt x 91.13301pt.
 <../ppdata/PSO1_PSO2/ppfigs_f011.pdf, id=35, 462.52798pt x 346.89601pt>
File: ../ppdata/PSO1_PSO2/ppfigs_f011.pdf Graphic file (type pdf)
 <use ../ppdata/PSO1_PSO2/ppfigs_f011.pdf>
Package pdftex.def Info: ../ppdata/PSO1_PSO2/ppfigs_f011.pdf used on input line 258.
(pdftex.def)             Requested size: 121.51358pt x 91.13301pt.
 <../ppdata/PSO1_PSO2/ppfigs_f012.pdf, id=36, 462.52798pt x 346.89601pt>
File: ../ppdata/PSO1_PSO2/ppfigs_f012.pdf Graphic file (type pdf)
 <use ../ppdata/PSO1_PSO2/ppfigs_f012.pdf>
Package pdftex.def Info: ../ppdata/PSO1_PSO2/ppfigs_f012.pdf used on input line 259.
(pdftex.def)             Requested size: 121.51358pt x 91.13301pt.
 <../ppdata/PSO1_PSO2/ppfigs_f013.pdf, id=37, 462.52798pt x 346.89601pt>
File: ../ppdata/PSO1_PSO2/ppfigs_f013.pdf Graphic file (type pdf)
 <use ../ppdata/PSO1_PSO2/ppfigs_f013.pdf>
Package pdftex.def Info: ../ppdata/PSO1_PSO2/ppfigs_f013.pdf used on input line 260.
(pdftex.def)             Requested size: 121.51358pt x 91.13301pt.
 <../ppdata/PSO1_PSO2/ppfigs_f014.pdf, id=38, 462.52798pt x 346.89601pt>
File: ../ppdata/PSO1_PSO2/ppfigs_f014.pdf Graphic file (type pdf)
 <use ../ppdata/PSO1_PSO2/ppfigs_f014.pdf>
Package pdftex.def Info: ../ppdata/PSO1_PSO2/ppfigs_f014.pdf used on input line 261.
(pdftex.def)             Requested size: 121.51358pt x 91.13301pt.
 <../ppdata/PSO1_PSO2/ppfigs_f015.pdf, id=39, 462.52798pt x 346.89601pt>
File: ../ppdata/PSO1_PSO2/ppfigs_f015.pdf Graphic file (type pdf)
 <use ../ppdata/PSO1_PSO2/ppfigs_f015.pdf>
Package pdftex.def Info: ../ppdata/PSO1_PSO2/ppfigs_f015.pdf used on input line 262.
(pdftex.def)             Requested size: 121.51358pt x 91.13301pt.
 <../ppdata/PSO1_PSO2/ppfigs_f016.pdf, id=40, 462.52798pt x 346.89601pt>
File: ../ppdata/PSO1_PSO2/ppfigs_f016.pdf Graphic file (type pdf)
 <use ../ppdata/PSO1_PSO2/ppfigs_f016.pdf>
Package pdftex.def Info: ../ppdata/PSO1_PSO2/ppfigs_f016.pdf used on input line 263.
(pdftex.def)             Requested size: 121.51358pt x 91.13301pt.
 <../ppdata/PSO1_PSO2/ppfigs_f017.pdf, id=41, 462.52798pt x 346.89601pt>
File: ../ppdata/PSO1_PSO2/ppfigs_f017.pdf Graphic file (type pdf)
 <use ../ppdata/PSO1_PSO2/ppfigs_f017.pdf>
Package pdftex.def Info: ../ppdata/PSO1_PSO2/ppfigs_f017.pdf used on input line 264.
(pdftex.def)             Requested size: 121.51358pt x 91.13301pt.
 <../ppdata/PSO1_PSO2/ppfigs_f018.pdf, id=42, 462.52798pt x 346.89601pt>
File: ../ppdata/PSO1_PSO2/ppfigs_f018.pdf Graphic file (type pdf)
 <use ../ppdata/PSO1_PSO2/ppfigs_f018.pdf>
Package pdftex.def Info: ../ppdata/PSO1_PSO2/ppfigs_f018.pdf used on input line 265.
(pdftex.def)             Requested size: 121.51358pt x 91.13301pt.
 <../ppdata/PSO1_PSO2/ppfigs_f019.pdf, id=43, 462.52798pt x 346.89601pt>
File: ../ppdata/PSO1_PSO2/ppfigs_f019.pdf Graphic file (type pdf)
 <use ../ppdata/PSO1_PSO2/ppfigs_f019.pdf>
Package pdftex.def Info: ../ppdata/PSO1_PSO2/ppfigs_f019.pdf used on input line 266.
(pdftex.def)             Requested size: 121.51358pt x 91.13301pt.
 <../ppdata/PSO1_PSO2/ppfigs_f020.pdf, id=44, 462.52798pt x 346.89601pt>
File: ../ppdata/PSO1_PSO2/ppfigs_f020.pdf Graphic file (type pdf)
 <use ../ppdata/PSO1_PSO2/ppfigs_f020.pdf>
Package pdftex.def Info: ../ppdata/PSO1_PSO2/ppfigs_f020.pdf used on input line 267.
(pdftex.def)             Requested size: 121.51358pt x 91.13301pt.
 <../ppdata/PSO1_PSO2/ppfigs_f021.pdf, id=45, 462.52798pt x 346.89601pt>
File: ../ppdata/PSO1_PSO2/ppfigs_f021.pdf Graphic file (type pdf)
 <use ../ppdata/PSO1_PSO2/ppfigs_f021.pdf>
Package pdftex.def Info: ../ppdata/PSO1_PSO2/ppfigs_f021.pdf used on input line 268.
(pdftex.def)             Requested size: 121.51358pt x 91.13301pt.
 <../ppdata/PSO1_PSO2/ppfigs_f022.pdf, id=46, 462.52798pt x 346.89601pt>
File: ../ppdata/PSO1_PSO2/ppfigs_f022.pdf Graphic file (type pdf)
 <use ../ppdata/PSO1_PSO2/ppfigs_f022.pdf>
Package pdftex.def Info: ../ppdata/PSO1_PSO2/ppfigs_f022.pdf used on input line 269.
(pdftex.def)             Requested size: 121.51358pt x 91.13301pt.
 <../ppdata/PSO1_PSO2/ppfigs_f023.pdf, id=47, 462.52798pt x 346.89601pt>
File: ../ppdata/PSO1_PSO2/ppfigs_f023.pdf Graphic file (type pdf)
 <use ../ppdata/PSO1_PSO2/ppfigs_f023.pdf>
Package pdftex.def Info: ../ppdata/PSO1_PSO2/ppfigs_f023.pdf used on input line 270.
(pdftex.def)             Requested size: 121.51358pt x 91.13301pt.
 <../ppdata/PSO1_PSO2/ppfigs_f024.pdf, id=48, 462.52798pt x 346.89601pt>
File: ../ppdata/PSO1_PSO2/ppfigs_f024.pdf Graphic file (type pdf)
 <use ../ppdata/PSO1_PSO2/ppfigs_f024.pdf>
Package pdftex.def Info: ../ppdata/PSO1_PSO2/ppfigs_f024.pdf used on input line 271.
(pdftex.def)             Requested size: 121.51358pt x 91.13301pt.
 <../ppdata/PSO1_PSO2/ppscatter_f001.pdf, id=49, 332.11955pt x 354.51572pt>
File: ../ppdata/PSO1_PSO2/ppscatter_f001.pdf Graphic file (type pdf)
 <use ../ppdata/PSO1_PSO2/ppscatter_f001.pdf>
Package pdftex.def Info: ../ppdata/PSO1_PSO2/ppscatter_f001.pdf used on input line 301.
(pdftex.def)             Requested size: 94.85776pt x 101.25745pt.
 <../ppdata/PSO1_PSO2/ppscatter_f002.pdf, id=50, 332.11955pt x 354.51572pt>
File: ../ppdata/PSO1_PSO2/ppscatter_f002.pdf Graphic file (type pdf)
 <use ../ppdata/PSO1_PSO2/ppscatter_f002.pdf>
Package pdftex.def Info: ../ppdata/PSO1_PSO2/ppscatter_f002.pdf used on input line 302.
(pdftex.def)             Requested size: 94.85776pt x 101.25745pt.
 <../ppdata/PSO1_PSO2/ppscatter_f003.pdf, id=51, 332.11955pt x 354.51572pt>
File: ../ppdata/PSO1_PSO2/ppscatter_f003.pdf Graphic file (type pdf)
 <use ../ppdata/PSO1_PSO2/ppscatter_f003.pdf>
Package pdftex.def Info: ../ppdata/PSO1_PSO2/ppscatter_f003.pdf used on input line 303.
(pdftex.def)             Requested size: 94.85776pt x 101.25745pt.
 <../ppdata/PSO1_PSO2/ppscatter_f004.pdf, id=52, 332.11955pt x 354.51572pt>
File: ../ppdata/PSO1_PSO2/ppscatter_f004.pdf Graphic file (type pdf)
 <use ../ppdata/PSO1_PSO2/ppscatter_f004.pdf>
Package pdftex.def Info: ../ppdata/PSO1_PSO2/ppscatter_f004.pdf used on input line 304.
(pdftex.def)             Requested size: 94.85776pt x 101.25745pt.
 <../ppdata/PSO1_PSO2/ppscatter_f005.pdf, id=53, 332.11955pt x 354.51572pt>
File: ../ppdata/PSO1_PSO2/ppscatter_f005.pdf Graphic file (type pdf)
 <use ../ppdata/PSO1_PSO2/ppscatter_f005.pdf>
Package pdftex.def Info: ../ppdata/PSO1_PSO2/ppscatter_f005.pdf used on input line 305.
(pdftex.def)             Requested size: 94.85776pt x 101.25745pt.
 <../ppdata/PSO1_PSO2/ppscatter_f006.pdf, id=54, 332.11955pt x 354.51572pt>
File: ../ppdata/PSO1_PSO2/ppscatter_f006.pdf Graphic file (type pdf)
 <use ../ppdata/PSO1_PSO2/ppscatter_f006.pdf>
Package pdftex.def Info: ../ppdata/PSO1_PSO2/ppscatter_f006.pdf used on input line 306.
(pdftex.def)             Requested size: 94.85776pt x 101.25745pt.
 <../ppdata/PSO1_PSO2/ppscatter_f007.pdf, id=55, 332.11955pt x 354.51572pt>
File: ../ppdata/PSO1_PSO2/ppscatter_f007.pdf Graphic file (type pdf)
 <use ../ppdata/PSO1_PSO2/ppscatter_f007.pdf>
Package pdftex.def Info: ../ppdata/PSO1_PSO2/ppscatter_f007.pdf used on input line 307.
(pdftex.def)             Requested size: 94.85776pt x 101.25745pt.
 <../ppdata/PSO1_PSO2/ppscatter_f008.pdf, id=56, 332.11955pt x 354.51572pt>
File: ../ppdata/PSO1_PSO2/ppscatter_f008.pdf Graphic file (type pdf)
 <use ../ppdata/PSO1_PSO2/ppscatter_f008.pdf>
Package pdftex.def Info: ../ppdata/PSO1_PSO2/ppscatter_f008.pdf used on input line 308.
(pdftex.def)             Requested size: 94.85776pt x 101.25745pt.
 <../ppdata/PSO1_PSO2/ppscatter_f009.pdf, id=57, 332.11955pt x 354.51572pt>
File: ../ppdata/PSO1_PSO2/ppscatter_f009.pdf Graphic file (type pdf)
 <use ../ppdata/PSO1_PSO2/ppscatter_f009.pdf>
Package pdftex.def Info: ../ppdata/PSO1_PSO2/ppscatter_f009.pdf used on input line 309.
(pdftex.def)             Requested size: 94.85776pt x 101.25745pt.
 <../ppdata/PSO1_PSO2/ppscatter_f010.pdf, id=58, 332.11955pt x 354.51572pt>
File: ../ppdata/PSO1_PSO2/ppscatter_f010.pdf Graphic file (type pdf)
 <use ../ppdata/PSO1_PSO2/ppscatter_f010.pdf>
Package pdftex.def Info: ../ppdata/PSO1_PSO2/ppscatter_f010.pdf used on input line 310.
(pdftex.def)             Requested size: 94.85776pt x 101.25745pt.
 <../ppdata/PSO1_PSO2/ppscatter_f011.pdf, id=59, 332.11955pt x 354.51572pt>
File: ../ppdata/PSO1_PSO2/ppscatter_f011.pdf Graphic file (type pdf)
 <use ../ppdata/PSO1_PSO2/ppscatter_f011.pdf>
Package pdftex.def Info: ../ppdata/PSO1_PSO2/ppscatter_f011.pdf used on input line 311.
(pdftex.def)             Requested size: 94.85776pt x 101.25745pt.
 <../ppdata/PSO1_PSO2/ppscatter_f012.pdf, id=60, 332.11955pt x 354.51572pt>
File: ../ppdata/PSO1_PSO2/ppscatter_f012.pdf Graphic file (type pdf)
 <use ../ppdata/PSO1_PSO2/ppscatter_f012.pdf>
Package pdftex.def Info: ../ppdata/PSO1_PSO2/ppscatter_f012.pdf used on input line 312.
(pdftex.def)             Requested size: 94.85776pt x 101.25745pt.
 <../ppdata/PSO1_PSO2/ppscatter_f013.pdf, id=61, 332.11955pt x 354.51572pt>
File: ../ppdata/PSO1_PSO2/ppscatter_f013.pdf Graphic file (type pdf)
 <use ../ppdata/PSO1_PSO2/ppscatter_f013.pdf>
Package pdftex.def Info: ../ppdata/PSO1_PSO2/ppscatter_f013.pdf used on input line 313.
(pdftex.def)             Requested size: 94.85776pt x 101.25745pt.
 <../ppdata/PSO1_PSO2/ppscatter_f014.pdf, id=62, 332.11955pt x 354.51572pt>
File: ../ppdata/PSO1_PSO2/ppscatter_f014.pdf Graphic file (type pdf)
 <use ../ppdata/PSO1_PSO2/ppscatter_f014.pdf>
Package pdftex.def Info: ../ppdata/PSO1_PSO2/ppscatter_f014.pdf used on input line 314.
(pdftex.def)             Requested size: 94.85776pt x 101.25745pt.
 <../ppdata/PSO1_PSO2/ppscatter_f015.pdf, id=63, 332.11955pt x 354.51572pt>
File: ../ppdata/PSO1_PSO2/ppscatter_f015.pdf Graphic file (type pdf)
 <use ../ppdata/PSO1_PSO2/ppscatter_f015.pdf>
Package pdftex.def Info: ../ppdata/PSO1_PSO2/ppscatter_f015.pdf used on input line 315.
(pdftex.def)             Requested size: 94.85776pt x 101.25745pt.
 <../ppdata/PSO1_PSO2/ppscatter_f016.pdf, id=64, 332.11955pt x 354.51572pt>
File: ../ppdata/PSO1_PSO2/ppscatter_f016.pdf Graphic file (type pdf)
 <use ../ppdata/PSO1_PSO2/ppscatter_f016.pdf>
Package pdftex.def Info: ../ppdata/PSO1_PSO2/ppscatter_f016.pdf used on input line 316.
(pdftex.def)             Requested size: 94.85776pt x 101.25745pt.
 <../ppdata/PSO1_PSO2/ppscatter_f017.pdf, id=65, 332.11955pt x 354.51572pt>
File: ../ppdata/PSO1_PSO2/ppscatter_f017.pdf Graphic file (type pdf)
 <use ../ppdata/PSO1_PSO2/ppscatter_f017.pdf>
Package pdftex.def Info: ../ppdata/PSO1_PSO2/ppscatter_f017.pdf used on input line 317.
(pdftex.def)             Requested size: 94.85776pt x 101.25745pt.
 <../ppdata/PSO1_PSO2/ppscatter_f018.pdf, id=66, 332.11955pt x 354.51572pt>
File: ../ppdata/PSO1_PSO2/ppscatter_f018.pdf Graphic file (type pdf)
 <use ../ppdata/PSO1_PSO2/ppscatter_f018.pdf>
Package pdftex.def Info: ../ppdata/PSO1_PSO2/ppscatter_f018.pdf used on input line 318.
(pdftex.def)             Requested size: 94.85776pt x 101.25745pt.
 <../ppdata/PSO1_PSO2/ppscatter_f019.pdf, id=67, 332.11955pt x 354.51572pt>
File: ../ppdata/PSO1_PSO2/ppscatter_f019.pdf Graphic file (type pdf)
 <use ../ppdata/PSO1_PSO2/ppscatter_f019.pdf>
Package pdftex.def Info: ../ppdata/PSO1_PSO2/ppscatter_f019.pdf used on input line 319.
(pdftex.def)             Requested size: 94.85776pt x 101.25745pt.
 <../ppdata/PSO1_PSO2/ppscatter_f020.pdf, id=68, 333.3622pt x 354.51572pt>
File: ../ppdata/PSO1_PSO2/ppscatter_f020.pdf Graphic file (type pdf)
 <use ../ppdata/PSO1_PSO2/ppscatter_f020.pdf>
Package pdftex.def Info: ../ppdata/PSO1_PSO2/ppscatter_f020.pdf used on input line 320.
(pdftex.def)             Requested size: 95.21268pt x 101.25745pt.
 <../ppdata/PSO1_PSO2/ppscatter_f021.pdf, id=69, 332.11955pt x 354.51572pt>
File: ../ppdata/PSO1_PSO2/ppscatter_f021.pdf Graphic file (type pdf)
 <use ../ppdata/PSO1_PSO2/ppscatter_f021.pdf>
Package pdftex.def Info: ../ppdata/PSO1_PSO2/ppscatter_f021.pdf used on input line 321.
(pdftex.def)             Requested size: 94.85776pt x 101.25745pt.
 <../ppdata/PSO1_PSO2/ppscatter_f022.pdf, id=70, 332.11955pt x 354.51572pt>
File: ../ppdata/PSO1_PSO2/ppscatter_f022.pdf Graphic file (type pdf)
 <use ../ppdata/PSO1_PSO2/ppscatter_f022.pdf>
Package pdftex.def Info: ../ppdata/PSO1_PSO2/ppscatter_f022.pdf used on input line 322.
(pdftex.def)             Requested size: 94.85776pt x 101.25745pt.
 <../ppdata/PSO1_PSO2/ppscatter_f023.pdf, id=71, 332.11955pt x 354.51572pt>
File: ../ppdata/PSO1_PSO2/ppscatter_f023.pdf Graphic file (type pdf)
 <use ../ppdata/PSO1_PSO2/ppscatter_f023.pdf>
Package pdftex.def Info: ../ppdata/PSO1_PSO2/ppscatter_f023.pdf used on input line 323.
(pdftex.def)             Requested size: 94.85776pt x 101.25745pt.
 <../ppdata/PSO1_PSO2/ppscatter_f024.pdf, id=72, 332.11955pt x 354.51572pt>
File: ../ppdata/PSO1_PSO2/ppscatter_f024.pdf Graphic file (type pdf)
 <use ../ppdata/PSO1_PSO2/ppscatter_f024.pdf>
Package pdftex.def Info: ../ppdata/PSO1_PSO2/ppscatter_f024.pdf used on input line 324.
(pdftex.def)             Requested size: 94.85776pt x 101.25745pt.


LaTeX Warning: Float too large for page by 19.60606pt on input line 329.

<../ppdata/PSO1_PSO2/pprldistr_05D_noiselessall.pdf, id=73, 462.52798pt x 346.89601pt>
File: ../ppdata/PSO1_PSO2/pprldistr_05D_noiselessall.pdf Graphic file (type pdf)
 <use ../ppdata/PSO1_PSO2/pprldistr_05D_noiselessall.pdf>
Package pdftex.def Info: ../ppdata/PSO1_PSO2/pprldistr_05D_noiselessall.pdf used on input line 342.
(pdftex.def)             Requested size: 117.02911pt x 87.7754pt.
 <../ppdata/PSO1_PSO2/pplogabs_05D_noiselessall.pdf, id=74, 462.52798pt x 346.89601pt>
File: ../ppdata/PSO1_PSO2/pplogabs_05D_noiselessall.pdf Graphic file (type pdf)
 <use ../ppdata/PSO1_PSO2/pplogabs_05D_noiselessall.pdf>
Package pdftex.def Info: ../ppdata/PSO1_PSO2/pplogabs_05D_noiselessall.pdf used on input line 343.
(pdftex.def)             Requested size: 117.02911pt x 87.7754pt.
 <../ppdata/PSO1_PSO2/pprldistr_20D_noiselessall.pdf, id=75, 462.52798pt x 346.89601pt>
File: ../ppdata/PSO1_PSO2/pprldistr_20D_noiselessall.pdf Graphic file (type pdf)
 <use ../ppdata/PSO1_PSO2/pprldistr_20D_noiselessall.pdf>
Package pdftex.def Info: ../ppdata/PSO1_PSO2/pprldistr_20D_noiselessall.pdf used on input line 344.
(pdftex.def)             Requested size: 117.02911pt x 87.7754pt.
 <../ppdata/PSO1_PSO2/pplogabs_20D_noiselessall.pdf, id=76, 462.52798pt x 346.89601pt>
File: ../ppdata/PSO1_PSO2/pplogabs_20D_noiselessall.pdf Graphic file (type pdf)
 <use ../ppdata/PSO1_PSO2/pplogabs_20D_noiselessall.pdf>
Package pdftex.def Info: ../ppdata/PSO1_PSO2/pplogabs_20D_noiselessall.pdf used on input line 345.
(pdftex.def)             Requested size: 117.02911pt x 87.7754pt.
 <../ppdata/PSO1_PSO2/pprldistr_05D_separ.pdf, id=77, 462.52798pt x 346.89601pt>
File: ../ppdata/PSO1_PSO2/pprldistr_05D_separ.pdf Graphic file (type pdf)
 <use ../ppdata/PSO1_PSO2/pprldistr_05D_separ.pdf>
Package pdftex.def Info: ../ppdata/PSO1_PSO2/pprldistr_05D_separ.pdf used on input line 347.
(pdftex.def)             Requested size: 117.02911pt x 87.7754pt.
 <../ppdata/PSO1_PSO2/pplogabs_05D_separ.pdf, id=78, 462.52798pt x 346.89601pt>
File: ../ppdata/PSO1_PSO2/pplogabs_05D_separ.pdf Graphic file (type pdf)
 <use ../ppdata/PSO1_PSO2/pplogabs_05D_separ.pdf>
Package pdftex.def Info: ../ppdata/PSO1_PSO2/pplogabs_05D_separ.pdf used on input line 348.
(pdftex.def)             Requested size: 117.02911pt x 87.7754pt.
 <../ppdata/PSO1_PSO2/pprldistr_20D_separ.pdf, id=79, 462.52798pt x 346.89601pt>
File: ../ppdata/PSO1_PSO2/pprldistr_20D_separ.pdf Graphic file (type pdf)
 <use ../ppdata/PSO1_PSO2/pprldistr_20D_separ.pdf>
Package pdftex.def Info: ../ppdata/PSO1_PSO2/pprldistr_20D_separ.pdf used on input line 349.
(pdftex.def)             Requested size: 117.02911pt x 87.7754pt.
 <../ppdata/PSO1_PSO2/pplogabs_20D_separ.pdf, id=80, 462.52798pt x 346.89601pt>
File: ../ppdata/PSO1_PSO2/pplogabs_20D_separ.pdf Graphic file (type pdf)
 <use ../ppdata/PSO1_PSO2/pplogabs_20D_separ.pdf>
Package pdftex.def Info: ../ppdata/PSO1_PSO2/pplogabs_20D_separ.pdf used on input line 350.
(pdftex.def)             Requested size: 117.02911pt x 87.7754pt.
 <../ppdata/PSO1_PSO2/pprldistr_05D_lcond.pdf, id=81, 462.52798pt x 346.89601pt>
File: ../ppdata/PSO1_PSO2/pprldistr_05D_lcond.pdf Graphic file (type pdf)
 <use ../ppdata/PSO1_PSO2/pprldistr_05D_lcond.pdf>
Package pdftex.def Info: ../ppdata/PSO1_PSO2/pprldistr_05D_lcond.pdf used on input line 352.
(pdftex.def)             Requested size: 117.02911pt x 87.7754pt.
 <../ppdata/PSO1_PSO2/pplogabs_05D_lcond.pdf, id=82, 462.52798pt x 346.89601pt>
File: ../ppdata/PSO1_PSO2/pplogabs_05D_lcond.pdf Graphic file (type pdf)
 <use ../ppdata/PSO1_PSO2/pplogabs_05D_lcond.pdf>
Package pdftex.def Info: ../ppdata/PSO1_PSO2/pplogabs_05D_lcond.pdf used on input line 353.
(pdftex.def)             Requested size: 117.02911pt x 87.7754pt.
 <../ppdata/PSO1_PSO2/pprldistr_20D_lcond.pdf, id=83, 462.52798pt x 346.89601pt>
File: ../ppdata/PSO1_PSO2/pprldistr_20D_lcond.pdf Graphic file (type pdf)
 <use ../ppdata/PSO1_PSO2/pprldistr_20D_lcond.pdf>
Package pdftex.def Info: ../ppdata/PSO1_PSO2/pprldistr_20D_lcond.pdf used on input line 354.
(pdftex.def)             Requested size: 117.02911pt x 87.7754pt.
 <../ppdata/PSO1_PSO2/pplogabs_20D_lcond.pdf, id=84, 462.52798pt x 346.89601pt>
File: ../ppdata/PSO1_PSO2/pplogabs_20D_lcond.pdf Graphic file (type pdf)
 <use ../ppdata/PSO1_PSO2/pplogabs_20D_lcond.pdf>
Package pdftex.def Info: ../ppdata/PSO1_PSO2/pplogabs_20D_lcond.pdf used on input line 355.
(pdftex.def)             Requested size: 117.02911pt x 87.7754pt.
 <../ppdata/PSO1_PSO2/pprldistr_05D_hcond.pdf, id=85, 462.52798pt x 346.89601pt>
File: ../ppdata/PSO1_PSO2/pprldistr_05D_hcond.pdf Graphic file (type pdf)
 <use ../ppdata/PSO1_PSO2/pprldistr_05D_hcond.pdf>
Package pdftex.def Info: ../ppdata/PSO1_PSO2/pprldistr_05D_hcond.pdf used on input line 357.
(pdftex.def)             Requested size: 117.02911pt x 87.7754pt.
 <../ppdata/PSO1_PSO2/pplogabs_05D_hcond.pdf, id=86, 462.52798pt x 346.89601pt>
File: ../ppdata/PSO1_PSO2/pplogabs_05D_hcond.pdf Graphic file (type pdf)
 <use ../ppdata/PSO1_PSO2/pplogabs_05D_hcond.pdf>
Package pdftex.def Info: ../ppdata/PSO1_PSO2/pplogabs_05D_hcond.pdf used on input line 358.
(pdftex.def)             Requested size: 117.02911pt x 87.7754pt.
 <../ppdata/PSO1_PSO2/pprldistr_20D_hcond.pdf, id=87, 462.52798pt x 346.89601pt>
File: ../ppdata/PSO1_PSO2/pprldistr_20D_hcond.pdf Graphic file (type pdf)
 <use ../ppdata/PSO1_PSO2/pprldistr_20D_hcond.pdf>
Package pdftex.def Info: ../ppdata/PSO1_PSO2/pprldistr_20D_hcond.pdf used on input line 359.
(pdftex.def)             Requested size: 117.02911pt x 87.7754pt.
 <../ppdata/PSO1_PSO2/pplogabs_20D_hcond.pdf, id=88, 462.52798pt x 346.89601pt>
File: ../ppdata/PSO1_PSO2/pplogabs_20D_hcond.pdf Graphic file (type pdf)
 <use ../ppdata/PSO1_PSO2/pplogabs_20D_hcond.pdf>
Package pdftex.def Info: ../ppdata/PSO1_PSO2/pplogabs_20D_hcond.pdf used on input line 360.
(pdftex.def)             Requested size: 117.02911pt x 87.7754pt.
 <../ppdata/PSO1_PSO2/pprldistr_05D_multi.pdf, id=89, 462.52798pt x 346.89601pt>
File: ../ppdata/PSO1_PSO2/pprldistr_05D_multi.pdf Graphic file (type pdf)
 <use ../ppdata/PSO1_PSO2/pprldistr_05D_multi.pdf>
Package pdftex.def Info: ../ppdata/PSO1_PSO2/pprldistr_05D_multi.pdf used on input line 362.
(pdftex.def)             Requested size: 117.02911pt x 87.7754pt.
 <../ppdata/PSO1_PSO2/pplogabs_05D_multi.pdf, id=90, 462.52798pt x 346.89601pt>
File: ../ppdata/PSO1_PSO2/pplogabs_05D_multi.pdf Graphic file (type pdf)
 <use ../ppdata/PSO1_PSO2/pplogabs_05D_multi.pdf>
Package pdftex.def Info: ../ppdata/PSO1_PSO2/pplogabs_05D_multi.pdf used on input line 363.
(pdftex.def)             Requested size: 117.02911pt x 87.7754pt.
 <../ppdata/PSO1_PSO2/pprldistr_20D_multi.pdf, id=91, 462.52798pt x 346.89601pt>
File: ../ppdata/PSO1_PSO2/pprldistr_20D_multi.pdf Graphic file (type pdf)
 <use ../ppdata/PSO1_PSO2/pprldistr_20D_multi.pdf>
Package pdftex.def Info: ../ppdata/PSO1_PSO2/pprldistr_20D_multi.pdf used on input line 364.
(pdftex.def)             Requested size: 117.02911pt x 87.7754pt.
 <../ppdata/PSO1_PSO2/pplogabs_20D_multi.pdf, id=92, 462.52798pt x 346.89601pt>
File: ../ppdata/PSO1_PSO2/pplogabs_20D_multi.pdf Graphic file (type pdf)
 <use ../ppdata/PSO1_PSO2/pplogabs_20D_multi.pdf>
Package pdftex.def Info: ../ppdata/PSO1_PSO2/pplogabs_20D_multi.pdf used on input line 365.
(pdftex.def)             Requested size: 117.02911pt x 87.7754pt.
 <../ppdata/PSO1_PSO2/pprldistr_05D_mult2.pdf, id=93, 462.52798pt x 346.89601pt>
File: ../ppdata/PSO1_PSO2/pprldistr_05D_mult2.pdf Graphic file (type pdf)
 <use ../ppdata/PSO1_PSO2/pprldistr_05D_mult2.pdf>
Package pdftex.def Info: ../ppdata/PSO1_PSO2/pprldistr_05D_mult2.pdf used on input line 367.
(pdftex.def)             Requested size: 117.02911pt x 87.7754pt.
 <../ppdata/PSO1_PSO2/pplogabs_05D_mult2.pdf, id=94, 462.52798pt x 346.89601pt>
File: ../ppdata/PSO1_PSO2/pplogabs_05D_mult2.pdf Graphic file (type pdf)
 <use ../ppdata/PSO1_PSO2/pplogabs_05D_mult2.pdf>
Package pdftex.def Info: ../ppdata/PSO1_PSO2/pplogabs_05D_mult2.pdf used on input line 368.
(pdftex.def)             Requested size: 117.02911pt x 87.7754pt.
 <../ppdata/PSO1_PSO2/pprldistr_20D_mult2.pdf, id=95, 462.52798pt x 346.89601pt>
File: ../ppdata/PSO1_PSO2/pprldistr_20D_mult2.pdf Graphic file (type pdf)
 <use ../ppdata/PSO1_PSO2/pprldistr_20D_mult2.pdf>
Package pdftex.def Info: ../ppdata/PSO1_PSO2/pprldistr_20D_mult2.pdf used on input line 369.
(pdftex.def)             Requested size: 117.02911pt x 87.7754pt.
 <../ppdata/PSO1_PSO2/pplogabs_20D_mult2.pdf, id=96, 462.52798pt x 346.89601pt>
File: ../ppdata/PSO1_PSO2/pplogabs_20D_mult2.pdf Graphic file (type pdf)
 <use ../ppdata/PSO1_PSO2/pplogabs_20D_mult2.pdf>
Package pdftex.def Info: ../ppdata/PSO1_PSO2/pplogabs_20D_mult2.pdf used on input line 370.
(pdftex.def)             Requested size: 117.02911pt x 87.7754pt.


LaTeX Warning: Float too large for page by 17.66254pt on input line 376.

LaTeX Font Info:    Font shape `OT1/LinuxLibertineT-TLF/m/n' will be
(Font)              scaled to size 5.0pt on input line 441.
(../ppdata/PSO1_PSO2/pptables_f001_05D.tex) (../ppdata/PSO1_PSO2/pptables_f002_05D.tex) (../ppdata/PSO1_PSO2/pptables_f003_05D.tex) (../ppdata/PSO1_PSO2/pptables_f004_05D.tex) (../ppdata/PSO1_PSO2/pptables_f005_05D.tex) (../ppdata/PSO1_PSO2/pptables_f006_05D.tex) (../ppdata/PSO1_PSO2/pptables_f007_05D.tex) (../ppdata/PSO1_PSO2/pptables_f008_05D.tex) (../ppdata/PSO1_PSO2/pptables_f009_05D.tex) (../ppdata/PSO1_PSO2/pptables_f010_05D.tex) (../ppdata/PSO1_PSO2/pptables_f011_05D.tex) (../ppdata/PSO1_PSO2/pptables_f012_05D.tex) (../ppdata/PSO1_PSO2/pptables_f013_05D.tex) (../ppdata/PSO1_PSO2/pptables_f014_05D.tex) (../ppdata/PSO1_PSO2/pptables_f015_05D.tex) (../ppdata/PSO1_PSO2/pptables_f016_05D.tex) (../ppdata/PSO1_PSO2/pptables_f017_05D.tex) (../ppdata/PSO1_PSO2/pptables_f018_05D.tex) (../ppdata/PSO1_PSO2/pptables_f019_05D.tex) (../ppdata/PSO1_PSO2/pptables_f020_05D.tex) (../ppdata/PSO1_PSO2/pptables_f021_05D.tex) (../ppdata/PSO1_PSO2/pptables_f022_05D.tex) (../ppdata/PSO1_PSO2/pptables_f023_05D.tex) (../ppdata/PSO1_PSO2/pptables_f024_05D.tex) (../ppdata/PSO1_PSO2/pptables_f001_05D.tex) (../ppdata/PSO1_PSO2/pptables_f002_05D.tex) (../ppdata/PSO1_PSO2/pptables_f003_05D.tex) (../ppdata/PSO1_PSO2/pptables_f004_05D.tex) (../ppdata/PSO1_PSO2/pptables_f005_05D.tex) (../ppdata/PSO1_PSO2/pptables_f006_05D.tex) (../ppdata/PSO1_PSO2/pptables_f007_05D.tex) (../ppdata/PSO1_PSO2/pptables_f008_05D.tex) (../ppdata/PSO1_PSO2/pptables_f009_05D.tex) (../ppdata/PSO1_PSO2/pptables_f010_05D.tex) (../ppdata/PSO1_PSO2/pptables_f011_05D.tex) (../ppdata/PSO1_PSO2/pptables_f012_05D.tex) (../ppdata/PSO1_PSO2/pptables_f013_05D.tex) (../ppdata/PSO1_PSO2/pptables_f014_05D.tex) (../ppdata/PSO1_PSO2/pptables_f015_05D.tex) (../ppdata/PSO1_PSO2/pptables_f016_05D.tex) (../ppdata/PSO1_PSO2/pptables_f017_05D.tex) (../ppdata/PSO1_PSO2/pptables_f018_05D.tex) (../ppdata/PSO1_PSO2/pptables_f019_05D.tex) (../ppdata/PSO1_PSO2/pptables_f020_05D.tex) (../ppdata/PSO1_PSO2/pptables_f021_05D.tex) (../ppdata/PSO1_PSO2/pptables_f022_05D.tex) (../ppdata/PSO1_PSO2/pptables_f023_05D.tex) (../ppdata/PSO1_PSO2/pptables_f024_05D.tex) (../ppdata/PSO1_PSO2/pptables_f001_05D.tex) (../ppdata/PSO1_PSO2/pptables_f002_05D.tex) (../ppdata/PSO1_PSO2/pptables_f003_05D.tex) (../ppdata/PSO1_PSO2/pptables_f004_05D.tex) (../ppdata/PSO1_PSO2/pptables_f005_05D.tex) (../ppdata/PSO1_PSO2/pptables_f006_05D.tex) (../ppdata/PSO1_PSO2/pptables_f007_05D.tex) (../ppdata/PSO1_PSO2/pptables_f008_05D.tex) (../ppdata/PSO1_PSO2/pptables_f009_05D.tex) (../ppdata/PSO1_PSO2/pptables_f010_05D.tex) (../ppdata/PSO1_PSO2/pptables_f011_05D.tex) (../ppdata/PSO1_PSO2/pptables_f012_05D.tex) (../ppdata/PSO1_PSO2/pptables_f013_05D.tex) (../ppdata/PSO1_PSO2/pptables_f014_05D.tex) (../ppdata/PSO1_PSO2/pptables_f015_05D.tex) (../ppdata/PSO1_PSO2/pptables_f016_05D.tex) (../ppdata/PSO1_PSO2/pptables_f017_05D.tex) (../ppdata/PSO1_PSO2/pptables_f018_05D.tex) (../ppdata/PSO1_PSO2/pptables_f019_05D.tex) (../ppdata/PSO1_PSO2/pptables_f020_05D.tex) (../ppdata/PSO1_PSO2/pptables_f021_05D.tex) (../ppdata/PSO1_PSO2/pptables_f022_05D.tex) (../ppdata/PSO1_PSO2/pptables_f023_05D.tex) (../ppdata/PSO1_PSO2/pptables_f024_05D.tex) (../ppdata/PSO1_PSO2/pptables_f001_20D.tex) (../ppdata/PSO1_PSO2/pptables_f002_20D.tex) (../ppdata/PSO1_PSO2/pptables_f003_20D.tex) (../ppdata/PSO1_PSO2/pptables_f004_20D.tex) (../ppdata/PSO1_PSO2/pptables_f005_20D.tex) (../ppdata/PSO1_PSO2/pptables_f006_20D.tex) (../ppdata/PSO1_PSO2/pptables_f007_20D.tex) (../ppdata/PSO1_PSO2/pptables_f008_20D.tex) (../ppdata/PSO1_PSO2/pptables_f009_20D.tex) (../ppdata/PSO1_PSO2/pptables_f010_20D.tex) (../ppdata/PSO1_PSO2/pptables_f011_20D.tex) (../ppdata/PSO1_PSO2/pptables_f012_20D.tex) (../ppdata/PSO1_PSO2/pptables_f013_20D.tex) (../ppdata/PSO1_PSO2/pptables_f014_20D.tex) (../ppdata/PSO1_PSO2/pptables_f015_20D.tex) (../ppdata/PSO1_PSO2/pptables_f016_20D.tex) (../ppdata/PSO1_PSO2/pptables_f017_20D.tex) (../ppdata/PSO1_PSO2/pptables_f018_20D.tex) (../ppdata/PSO1_PSO2/pptables_f019_20D.tex) (../ppdata/PSO1_PSO2/pptables_f020_20D.tex) (../ppdata/PSO1_PSO2/pptables_f021_20D.tex) (../ppdata/PSO1_PSO2/pptables_f022_20D.tex) (../ppdata/PSO1_PSO2/pptables_f023_20D.tex) (../ppdata/PSO1_PSO2/pptables_f024_20D.tex) (../ppdata/PSO1_PSO2/pptables_f001_20D.tex) (../ppdata/PSO1_PSO2/pptables_f002_20D.tex) (../ppdata/PSO1_PSO2/pptables_f003_20D.tex) (../ppdata/PSO1_PSO2/pptables_f004_20D.tex) (../ppdata/PSO1_PSO2/pptables_f005_20D.tex) (../ppdata/PSO1_PSO2/pptables_f006_20D.tex) (../ppdata/PSO1_PSO2/pptables_f007_20D.tex) (../ppdata/PSO1_PSO2/pptables_f008_20D.tex) (../ppdata/PSO1_PSO2/pptables_f009_20D.tex) (../ppdata/PSO1_PSO2/pptables_f010_20D.tex) (../ppdata/PSO1_PSO2/pptables_f011_20D.tex) (../ppdata/PSO1_PSO2/pptables_f012_20D.tex) (../ppdata/PSO1_PSO2/pptables_f013_20D.tex) (../ppdata/PSO1_PSO2/pptables_f014_20D.tex) (../ppdata/PSO1_PSO2/pptables_f015_20D.tex) (../ppdata/PSO1_PSO2/pptables_f016_20D.tex) (../ppdata/PSO1_PSO2/pptables_f017_20D.tex) (../ppdata/PSO1_PSO2/pptables_f018_20D.tex) (../ppdata/PSO1_PSO2/pptables_f019_20D.tex) (../ppdata/PSO1_PSO2/pptables_f020_20D.tex) (../ppdata/PSO1_PSO2/pptables_f021_20D.tex) (../ppdata/PSO1_PSO2/pptables_f022_20D.tex) (../ppdata/PSO1_PSO2/pptables_f023_20D.tex) (../ppdata/PSO1_PSO2/pptables_f024_20D.tex) (../ppdata/PSO1_PSO2/pptables_f001_20D.tex) (../ppdata/PSO1_PSO2/pptables_f002_20D.tex) (../ppdata/PSO1_PSO2/pptables_f003_20D.tex) (../ppdata/PSO1_PSO2/pptables_f004_20D.tex) (../ppdata/PSO1_PSO2/pptables_f005_20D.tex) (../ppdata/PSO1_PSO2/pptables_f006_20D.tex) (../ppdata/PSO1_PSO2/pptables_f007_20D.tex) (../ppdata/PSO1_PSO2/pptables_f008_20D.tex) (../ppdata/PSO1_PSO2/pptables_f009_20D.tex) (../ppdata/PSO1_PSO2/pptables_f010_20D.tex) (../ppdata/PSO1_PSO2/pptables_f011_20D.tex) (../ppdata/PSO1_PSO2/pptables_f012_20D.tex) (../ppdata/PSO1_PSO2/pptables_f013_20D.tex) (../ppdata/PSO1_PSO2/pptables_f014_20D.tex) (../ppdata/PSO1_PSO2/pptables_f015_20D.tex) (../ppdata/PSO1_PSO2/pptables_f016_20D.tex) (../ppdata/PSO1_PSO2/pptables_f017_20D.tex) (../ppdata/PSO1_PSO2/pptables_f018_20D.tex) (../ppdata/PSO1_PSO2/pptables_f019_20D.tex) (../ppdata/PSO1_PSO2/pptables_f020_20D.tex) (../ppdata/PSO1_PSO2/pptables_f021_20D.tex) (../ppdata/PSO1_PSO2/pptables_f022_20D.tex) (../ppdata/PSO1_PSO2/pptables_f023_20D.tex) (../ppdata/PSO1_PSO2/pptables_f024_20D.tex)
LaTeX Font Info:    Font shape `OT1/LinuxLibertineT-TLF/b/it' will be
(Font)              scaled to size 9.0pt on input line 500.
LaTeX Font Info:    Font shape `OT1/LinuxLibertineT-TLF/b/n' will be
(Font)              scaled to size 6.0pt on input line 500.
LaTeX Font Info:    Font shape `OT1/LinuxBiolinumT-TLF/b/n' will be
(Font)              scaled to size 6.0pt on input line 500.
 (e:/OneDrive/TFG_Infor/PSO/Resultados_BBOB/latex/templateBBOBcmp.bbl
LaTeX Font Info:    Try loading font information for OT1+zi4 on input line 141.
 (d:/texlive/2016/texmf-dist/tex/latex/inconsolata/ot1zi4.fd
File: ot1zi4.fd 2016/12/29 OT1/zi4 (Inconsolata)
)
LaTeX Font Info:    Font shape `OT1/zi4/m/n' will be
(Font)              scaled to size 7.0pt on input line 141.
Package microtype Info: Loading generic settings for font family
(microtype)             `zi4' (encoding: OT1).
(microtype)             For optimal results, create family-specific settings.
(microtype)             See the microtype manual for details.
) [1.1{d:/texlive/2016/texmf-var/fonts/map/pdftex/updmap/pdftex.map}


]
LaTeX Font Info:    Font shape `OT1/LinuxBiolinumT-TLF/m/n' will be
(Font)              scaled to size 9.0pt on input line 510.
 [2.2 <../ppdata/PSO1_PSO2/ppfigs_f001.pdf> <../ppdata/PSO1_PSO2/ppfigs_f002.pdf

pdfTeX warning: pdflatex.exe (file ../ppdata/PSO1_PSO2/ppfigs_f002.pdf): PDF inclusion: multiple pdfs with page group included in a single page
> <../ppdata/PSO1_PSO2/ppfigs_f003.pdf

pdfTeX warning: pdflatex.exe (file ../ppdata/PSO1_PSO2/ppfigs_f003.pdf): PDF inclusion: multiple pdfs with page group included in a single page
> <../ppdata/PSO1_PSO2/ppfigs_f004.pdf

pdfTeX warning: pdflatex.exe (file ../ppdata/PSO1_PSO2/ppfigs_f004.pdf): PDF inclusion: multiple pdfs with page group included in a single page
> <../ppdata/PSO1_PSO2/ppfigs_f005.pdf

pdfTeX warning: pdflatex.exe (file ../ppdata/PSO1_PSO2/ppfigs_f005.pdf): PDF inclusion: multiple pdfs with page group included in a single page
> <../ppdata/PSO1_PSO2/ppfigs_f006.pdf

pdfTeX warning: pdflatex.exe (file ../ppdata/PSO1_PSO2/ppfigs_f006.pdf): PDF inclusion: multiple pdfs with page group included in a single page
> <../ppdata/PSO1_PSO2/ppfigs_f007.pdf

pdfTeX warning: pdflatex.exe (file ../ppdata/PSO1_PSO2/ppfigs_f007.pdf): PDF inclusion: multiple pdfs with page group included in a single page
> <../ppdata/PSO1_PSO2/ppfigs_f008.pdf

pdfTeX warning: pdflatex.exe (file ../ppdata/PSO1_PSO2/ppfigs_f008.pdf): PDF inclusion: multiple pdfs with page group included in a single page
> <../ppdata/PSO1_PSO2/ppfigs_f009.pdf

pdfTeX warning: pdflatex.exe (file ../ppdata/PSO1_PSO2/ppfigs_f009.pdf): PDF inclusion: multiple pdfs with page group included in a single page
> <../ppdata/PSO1_PSO2/ppfigs_f010.pdf

pdfTeX warning: pdflatex.exe (file ../ppdata/PSO1_PSO2/ppfigs_f010.pdf): PDF inclusion: multiple pdfs with page group included in a single page
> <../ppdata/PSO1_PSO2/ppfigs_f011.pdf

pdfTeX warning: pdflatex.exe (file ../ppdata/PSO1_PSO2/ppfigs_f011.pdf): PDF inclusion: multiple pdfs with page group included in a single page
> <../ppdata/PSO1_PSO2/ppfigs_f012.pdf

pdfTeX warning: pdflatex.exe (file ../ppdata/PSO1_PSO2/ppfigs_f012.pdf): PDF inclusion: multiple pdfs with page group included in a single page
> <../ppdata/PSO1_PSO2/ppfigs_f013.pdf

pdfTeX warning: pdflatex.exe (file ../ppdata/PSO1_PSO2/ppfigs_f013.pdf): PDF inclusion: multiple pdfs with page group included in a single page
> <../ppdata/PSO1_PSO2/ppfigs_f014.pdf

pdfTeX warning: pdflatex.exe (file ../ppdata/PSO1_PSO2/ppfigs_f014.pdf): PDF inclusion: multiple pdfs with page group included in a single page
> <../ppdata/PSO1_PSO2/ppfigs_f015.pdf

pdfTeX warning: pdflatex.exe (file ../ppdata/PSO1_PSO2/ppfigs_f015.pdf): PDF inclusion: multiple pdfs with page group included in a single page
> <../ppdata/PSO1_PSO2/ppfigs_f016.pdf

pdfTeX warning: pdflatex.exe (file ../ppdata/PSO1_PSO2/ppfigs_f016.pdf): PDF inclusion: multiple pdfs with page group included in a single page
> <../ppdata/PSO1_PSO2/ppfigs_f017.pdf

pdfTeX warning: pdflatex.exe (file ../ppdata/PSO1_PSO2/ppfigs_f017.pdf): PDF inclusion: multiple pdfs with page group included in a single page
> <../ppdata/PSO1_PSO2/ppfigs_f018.pdf

pdfTeX warning: pdflatex.exe (file ../ppdata/PSO1_PSO2/ppfigs_f018.pdf): PDF inclusion: multiple pdfs with page group included in a single page
> <../ppdata/PSO1_PSO2/ppfigs_f019.pdf

pdfTeX warning: pdflatex.exe (file ../ppdata/PSO1_PSO2/ppfigs_f019.pdf): PDF inclusion: multiple pdfs with page group included in a single page
> <../ppdata/PSO1_PSO2/ppfigs_f020.pdf

pdfTeX warning: pdflatex.exe (file ../ppdata/PSO1_PSO2/ppfigs_f020.pdf): PDF inclusion: multiple pdfs with page group included in a single page
> <../ppdata/PSO1_PSO2/ppfigs_f021.pdf

pdfTeX warning: pdflatex.exe (file ../ppdata/PSO1_PSO2/ppfigs_f021.pdf): PDF inclusion: multiple pdfs with page group included in a single page
> <../ppdata/PSO1_PSO2/ppfigs_f022.pdf

pdfTeX warning: pdflatex.exe (file ../ppdata/PSO1_PSO2/ppfigs_f022.pdf): PDF inclusion: multiple pdfs with page group included in a single page
> <../ppdata/PSO1_PSO2/ppfigs_f023.pdf

pdfTeX warning: pdflatex.exe (file ../ppdata/PSO1_PSO2/ppfigs_f023.pdf): PDF inclusion: multiple pdfs with page group included in a single page
> <../ppdata/PSO1_PSO2/ppfigs_f024.pdf

pdfTeX warning: pdflatex.exe (file ../ppdata/PSO1_PSO2/ppfigs_f024.pdf): PDF inclusion: multiple pdfs with page group included in a single page
>] [3.3 <../ppdata/PSO1_PSO2/ppscatter_f001.pdf> <../ppdata/PSO1_PSO2/ppscatter_f002.pdf

pdfTeX warning: pdflatex.exe (file ../ppdata/PSO1_PSO2/ppscatter_f002.pdf): PDF inclusion: multiple pdfs with page group included in a single page
> <../ppdata/PSO1_PSO2/ppscatter_f003.pdf

pdfTeX warning: pdflatex.exe (file ../ppdata/PSO1_PSO2/ppscatter_f003.pdf): PDF inclusion: multiple pdfs with page group included in a single page
> <../ppdata/PSO1_PSO2/ppscatter_f004.pdf

pdfTeX warning: pdflatex.exe (file ../ppdata/PSO1_PSO2/ppscatter_f004.pdf): PDF inclusion: multiple pdfs with page group included in a single page
> <../ppdata/PSO1_PSO2/ppscatter_f005.pdf

pdfTeX warning: pdflatex.exe (file ../ppdata/PSO1_PSO2/ppscatter_f005.pdf): PDF inclusion: multiple pdfs with page group included in a single page
> <../ppdata/PSO1_PSO2/ppscatter_f006.pdf

pdfTeX warning: pdflatex.exe (file ../ppdata/PSO1_PSO2/ppscatter_f006.pdf): PDF inclusion: multiple pdfs with page group included in a single page
> <../ppdata/PSO1_PSO2/ppscatter_f007.pdf

pdfTeX warning: pdflatex.exe (file ../ppdata/PSO1_PSO2/ppscatter_f007.pdf): PDF inclusion: multiple pdfs with page group included in a single page
> <../ppdata/PSO1_PSO2/ppscatter_f008.pdf

pdfTeX warning: pdflatex.exe (file ../ppdata/PSO1_PSO2/ppscatter_f008.pdf): PDF inclusion: multiple pdfs with page group included in a single page
> <../ppdata/PSO1_PSO2/ppscatter_f009.pdf

pdfTeX warning: pdflatex.exe (file ../ppdata/PSO1_PSO2/ppscatter_f009.pdf): PDF inclusion: multiple pdfs with page group included in a single page
> <../ppdata/PSO1_PSO2/ppscatter_f010.pdf

pdfTeX warning: pdflatex.exe (file ../ppdata/PSO1_PSO2/ppscatter_f010.pdf): PDF inclusion: multiple pdfs with page group included in a single page
> <../ppdata/PSO1_PSO2/ppscatter_f011.pdf

pdfTeX warning: pdflatex.exe (file ../ppdata/PSO1_PSO2/ppscatter_f011.pdf): PDF inclusion: multiple pdfs with page group included in a single page
> <../ppdata/PSO1_PSO2/ppscatter_f012.pdf

pdfTeX warning: pdflatex.exe (file ../ppdata/PSO1_PSO2/ppscatter_f012.pdf): PDF inclusion: multiple pdfs with page group included in a single page
> <../ppdata/PSO1_PSO2/ppscatter_f013.pdf

pdfTeX warning: pdflatex.exe (file ../ppdata/PSO1_PSO2/ppscatter_f013.pdf): PDF inclusion: multiple pdfs with page group included in a single page
> <../ppdata/PSO1_PSO2/ppscatter_f014.pdf

pdfTeX warning: pdflatex.exe (file ../ppdata/PSO1_PSO2/ppscatter_f014.pdf): PDF inclusion: multiple pdfs with page group included in a single page
> <../ppdata/PSO1_PSO2/ppscatter_f015.pdf

pdfTeX warning: pdflatex.exe (file ../ppdata/PSO1_PSO2/ppscatter_f015.pdf): PDF inclusion: multiple pdfs with page group included in a single page
> <../ppdata/PSO1_PSO2/ppscatter_f016.pdf

pdfTeX warning: pdflatex.exe (file ../ppdata/PSO1_PSO2/ppscatter_f016.pdf): PDF inclusion: multiple pdfs with page group included in a single page
> <../ppdata/PSO1_PSO2/ppscatter_f017.pdf

pdfTeX warning: pdflatex.exe (file ../ppdata/PSO1_PSO2/ppscatter_f017.pdf): PDF inclusion: multiple pdfs with page group included in a single page
> <../ppdata/PSO1_PSO2/ppscatter_f018.pdf

pdfTeX warning: pdflatex.exe (file ../ppdata/PSO1_PSO2/ppscatter_f018.pdf): PDF inclusion: multiple pdfs with page group included in a single page
> <../ppdata/PSO1_PSO2/ppscatter_f019.pdf

pdfTeX warning: pdflatex.exe (file ../ppdata/PSO1_PSO2/ppscatter_f019.pdf): PDF inclusion: multiple pdfs with page group included in a single page
> <../ppdata/PSO1_PSO2/ppscatter_f020.pdf

pdfTeX warning: pdflatex.exe (file ../ppdata/PSO1_PSO2/ppscatter_f020.pdf): PDF inclusion: multiple pdfs with page group included in a single page
> <../ppdata/PSO1_PSO2/ppscatter_f021.pdf

pdfTeX warning: pdflatex.exe (file ../ppdata/PSO1_PSO2/ppscatter_f021.pdf): PDF inclusion: multiple pdfs with page group included in a single page
> <../ppdata/PSO1_PSO2/ppscatter_f022.pdf

pdfTeX warning: pdflatex.exe (file ../ppdata/PSO1_PSO2/ppscatter_f022.pdf): PDF inclusion: multiple pdfs with page group included in a single page
> <../ppdata/PSO1_PSO2/ppscatter_f023.pdf

pdfTeX warning: pdflatex.exe (file ../ppdata/PSO1_PSO2/ppscatter_f023.pdf): PDF inclusion: multiple pdfs with page group included in a single page
> <../ppdata/PSO1_PSO2/ppscatter_f024.pdf

pdfTeX warning: pdflatex.exe (file ../ppdata/PSO1_PSO2/ppscatter_f024.pdf): PDF inclusion: multiple pdfs with page group included in a single page
>] [4.4 <../ppdata/PSO1_PSO2/pprldistr_05D_noiselessall.pdf> <../ppdata/PSO1_PSO2/pplogabs_05D_noiselessall.pdf

pdfTeX warning: pdflatex.exe (file ../ppdata/PSO1_PSO2/pplogabs_05D_noiselessall.pdf): PDF inclusion: multiple pdfs with page group included in a single page
> <../ppdata/PSO1_PSO2/pprldistr_20D_noiselessall.pdf

pdfTeX warning: pdflatex.exe (file ../ppdata/PSO1_PSO2/pprldistr_20D_noiselessall.pdf): PDF inclusion: multiple pdfs with page group included in a single page
> <../ppdata/PSO1_PSO2/pplogabs_20D_noiselessall.pdf

pdfTeX warning: pdflatex.exe (file ../ppdata/PSO1_PSO2/pplogabs_20D_noiselessall.pdf): PDF inclusion: multiple pdfs with page group included in a single page
> <../ppdata/PSO1_PSO2/pprldistr_05D_separ.pdf

pdfTeX warning: pdflatex.exe (file ../ppdata/PSO1_PSO2/pprldistr_05D_separ.pdf): PDF inclusion: multiple pdfs with page group included in a single page
> <../ppdata/PSO1_PSO2/pplogabs_05D_separ.pdf

pdfTeX warning: pdflatex.exe (file ../ppdata/PSO1_PSO2/pplogabs_05D_separ.pdf): PDF inclusion: multiple pdfs with page group included in a single page
> <../ppdata/PSO1_PSO2/pprldistr_20D_separ.pdf

pdfTeX warning: pdflatex.exe (file ../ppdata/PSO1_PSO2/pprldistr_20D_separ.pdf): PDF inclusion: multiple pdfs with page group included in a single page
> <../ppdata/PSO1_PSO2/pplogabs_20D_separ.pdf

pdfTeX warning: pdflatex.exe (file ../ppdata/PSO1_PSO2/pplogabs_20D_separ.pdf): PDF inclusion: multiple pdfs with page group included in a single page
> <../ppdata/PSO1_PSO2/pprldistr_05D_lcond.pdf

pdfTeX warning: pdflatex.exe (file ../ppdata/PSO1_PSO2/pprldistr_05D_lcond.pdf): PDF inclusion: multiple pdfs with page group included in a single page
> <../ppdata/PSO1_PSO2/pplogabs_05D_lcond.pdf

pdfTeX warning: pdflatex.exe (file ../ppdata/PSO1_PSO2/pplogabs_05D_lcond.pdf): PDF inclusion: multiple pdfs with page group included in a single page
> <../ppdata/PSO1_PSO2/pprldistr_20D_lcond.pdf

pdfTeX warning: pdflatex.exe (file ../ppdata/PSO1_PSO2/pprldistr_20D_lcond.pdf): PDF inclusion: multiple pdfs with page group included in a single page
> <../ppdata/PSO1_PSO2/pplogabs_20D_lcond.pdf

pdfTeX warning: pdflatex.exe (file ../ppdata/PSO1_PSO2/pplogabs_20D_lcond.pdf): PDF inclusion: multiple pdfs with page group included in a single page
> <../ppdata/PSO1_PSO2/pprldistr_05D_hcond.pdf

pdfTeX warning: pdflatex.exe (file ../ppdata/PSO1_PSO2/pprldistr_05D_hcond.pdf): PDF inclusion: multiple pdfs with page group included in a single page
> <../ppdata/PSO1_PSO2/pplogabs_05D_hcond.pdf

pdfTeX warning: pdflatex.exe (file ../ppdata/PSO1_PSO2/pplogabs_05D_hcond.pdf): PDF inclusion: multiple pdfs with page group included in a single page
> <../ppdata/PSO1_PSO2/pprldistr_20D_hcond.pdf

pdfTeX warning: pdflatex.exe (file ../ppdata/PSO1_PSO2/pprldistr_20D_hcond.pdf): PDF inclusion: multiple pdfs with page group included in a single page
> <../ppdata/PSO1_PSO2/pplogabs_20D_hcond.pdf

pdfTeX warning: pdflatex.exe (file ../ppdata/PSO1_PSO2/pplogabs_20D_hcond.pdf): PDF inclusion: multiple pdfs with page group included in a single page
> <../ppdata/PSO1_PSO2/pprldistr_05D_multi.pdf

pdfTeX warning: pdflatex.exe (file ../ppdata/PSO1_PSO2/pprldistr_05D_multi.pdf): PDF inclusion: multiple pdfs with page group included in a single page
> <../ppdata/PSO1_PSO2/pplogabs_05D_multi.pdf

pdfTeX warning: pdflatex.exe (file ../ppdata/PSO1_PSO2/pplogabs_05D_multi.pdf): PDF inclusion: multiple pdfs with page group included in a single page
> <../ppdata/PSO1_PSO2/pprldistr_20D_multi.pdf

pdfTeX warning: pdflatex.exe (file ../ppdata/PSO1_PSO2/pprldistr_20D_multi.pdf): PDF inclusion: multiple pdfs with page group included in a single page
> <../ppdata/PSO1_PSO2/pplogabs_20D_multi.pdf

pdfTeX warning: pdflatex.exe (file ../ppdata/PSO1_PSO2/pplogabs_20D_multi.pdf): PDF inclusion: multiple pdfs with page group included in a single page
> <../ppdata/PSO1_PSO2/pprldistr_05D_mult2.pdf

pdfTeX warning: pdflatex.exe (file ../ppdata/PSO1_PSO2/pprldistr_05D_mult2.pdf): PDF inclusion: multiple pdfs with page group included in a single page
> <../ppdata/PSO1_PSO2/pplogabs_05D_mult2.pdf

pdfTeX warning: pdflatex.exe (file ../ppdata/PSO1_PSO2/pplogabs_05D_mult2.pdf): PDF inclusion: multiple pdfs with page group included in a single page
> <../ppdata/PSO1_PSO2/pprldistr_20D_mult2.pdf

pdfTeX warning: pdflatex.exe (file ../ppdata/PSO1_PSO2/pprldistr_20D_mult2.pdf): PDF inclusion: multiple pdfs with page group included in a single page
> <../ppdata/PSO1_PSO2/pplogabs_20D_mult2.pdf

pdfTeX warning: pdflatex.exe (file ../ppdata/PSO1_PSO2/pplogabs_20D_mult2.pdf): PDF inclusion: multiple pdfs with page group included in a single page
>] [5.5]
Package atveryend Info: Empty hook `BeforeClearDocument' on input line 514.
Package atveryend Info: Empty hook `AfterLastShipout' on input line 514.
 (e:/OneDrive/TFG_Infor/PSO/Resultados_BBOB/latex/templateBBOBcmp.aux)
Package atveryend Info: Executing hook `AtVeryEndDocument' on input line 514.
Package atveryend Info: Executing hook `AtEndAfterFileList' on input line 514.
Package rerunfilecheck Info: File `templateBBOBcmp.out' has not changed.
(rerunfilecheck)             Checksum: 6ABA3F7E3543822B685C0D06C052C5E7;90.


LaTeX Font Warning: Size substitutions with differences
(Font)              up to 0.5pt have occurred.

Package atveryend Info: Empty hook `AtVeryVeryEnd' on input line 514.
 ) 
Here is how much of TeX's memory you used:
 16538 strings out of 493013
 266458 string characters out of 6136993
 513306 words of memory out of 5000000
 19007 multiletter control sequences out of 15000+600000
 88358 words of font info for 252 fonts, out of 8000000 for 9000
 1302 hyphenation exceptions out of 8191
 60i,15n,94p,1528b,473s stack positions out of 5000i,500n,10000p,200000b,80000s
{d:/texlive/2016/texmf-dist/fonts/enc/dvips/mnsymbol/MnSymbolA.enc}{d:/texlive/2016/texmf-dist/fonts/enc/dvips/libertine/lbtn_ks2ukx.enc}{d:/texlive/2016/texmf-dist/fonts/enc/dvips/mnsymbol/MnSymbolC.enc}{d:/texlive/2016/texmf-dist/fonts/enc/dvips/mnsymbol/MnSymbolE.enc}{d:/texlive/2016/texmf-dist/fonts/enc/dvips/newtx/libertinealt.enc}{d:/texlive/2016/texmf-dist/fonts/enc/dvips/libertine/lbtn_edcawa.enc}{d:/texlive/2016/texmf-dist/fonts/enc/dvips/libertine/lbtn_naooyc.enc}{d:/texlive/2016/texmf-dist/fonts/enc/dvips/inconsolata/i4-ot1-4.enc}{d:/texlive/2016/texmf-dist/fonts/enc/dvips/mnsymbol/MnSymbolD.enc}{d:/texlive/2016/texmf-dist/fonts/enc/dvips/base/8r.enc}{d:/texlive/2016/texmf-dist/fonts/enc/dvips/libertine/lbtn_kijugd.enc}{d:/texlive/2016/texmf-dist/fonts/enc/dvips/libertine/lbtn_lyu3x3.enc}{d:/texlive/2016/texmf-dist/fonts/enc/dvips/libertine/lbtn_oexx6f.enc}<d:/texlive/2016/texmf-dist/fonts/type1/public/inconsolata/Inconsolata-zi4r.pfb><d:/texlive/2016/texmf-dist/fonts/type1/public/libertine/LinBiolinumT.pfb><d:/texlive/2016/texmf-dist/fonts/type1/public/libertine/LinBiolinumTB.pfb><d:/texlive/2016/texmf-dist/fonts/type1/public/libertine/LinLibertineT.pfb><d:/texlive/2016/texmf-dist/fonts/type1/public/libertine/LinLibertineTB.pfb><d:/texlive/2016/texmf-dist/fonts/type1/public/libertine/LinLibertineTBI.pfb><d:/texlive/2016/texmf-dist/fonts/type1/public/libertine/LinLibertineTI.pfb><d:/texlive/2016/texmf-dist/fonts/type1/public/mnsymbol/MnSymbol5.pfb><d:/texlive/2016/texmf-dist/fonts/type1/public/mnsymbol/MnSymbol7.pfb><d:/texlive/2016/texmf-dist/fonts/type1/public/mnsymbol/MnSymbol9.pfb><d:/texlive/2016/texmf-dist/fonts/type1/public/newtx/fxlri-5letters.pfb><d:/texlive/2016/texmf-dist/fonts/type1/public/newtx/fxlri-7letters.pfb><d:/texlive/2016/texmf-dist/fonts/type1/public/txfonts/rtxmi.pfb><d:/texlive/2016/texmf-dist/fonts/type1/public/newtx/zxlr.pfb><d:/texlive/2016/texmf-dist/fonts/type1/public/newtx/zxlri.pfb>
Output written on e:/OneDrive/TFG_Infor/PSO/Resultados_BBOB/latex/templateBBOBcmp.pdf (5 pages, 28430877 bytes).
PDF statistics:
 1392 PDF objects out of 1440 (max. 8388607)
 642 compressed objects within 7 object streams
 19 named destinations out of 1000 (max. 500000)
 36217 words of extra memory for PDF output out of 42996 (max. 10000000)

